#
# A fatal error has been detected by the Java Runtime Environment:
#
#  SIGSEGV (0xb) at pc=0x00007f15be9cf473, pid=1022657, tid=1022668
#
# JRE version: OpenJDK Runtime Environment Temurin-17.0.5+8 (17.0.5+8) (build 17.0.5+8)
# Java VM: OpenJDK 64-Bit Server VM Temurin-17.0.5+8 (17.0.5+8, mixed mode, tiered, compressed oops, compressed class ptrs, parallel gc, linux-amd64)
# Problematic frame:
# V  [libjvm.so+0x7f6473]  IndexSet::alloc_block_containing(unsigned int)+0x43
#
# Core dump will be written. Default location: Core dumps may be processed with "/usr/share/apport/apport -p%p -s%s -c%c -d%d -P%P -u%u -g%g -- %E" (or dumping to /Projects/Master/backend/movies/apps/security-api/core.1022657)
#
# If you would like to submit a bug report, please visit:
#   https://github.com/adoptium/adoptium-support/issues
#

---------------  S U M M A R Y ------------

Command Line: --add-modules=ALL-SYSTEM --add-opens=java.base/java.util=ALL-UNNAMED --add-opens=java.base/java.lang=ALL-UNNAMED --add-opens=java.base/sun.nio.fs=ALL-UNNAMED -Declipse.application=org.eclipse.jdt.ls.core.id1 -Dosgi.bundles.defaultStartLevel=4 -Declipse.product=org.eclipse.jdt.ls.core.product -Djava.import.generatesMetadataFilesAtProjectRoot=false -Dfile.encoding=utf8 -XX:+UseParallelGC -XX:GCTimeRatio=4 -XX:AdaptiveSizePolicyWeight=90 -Dsun.zip.disableMemoryMapping=true -Xmx1G -Xms100m -Xlog:disable -javaagent:/home/helloworld/.vscode/extensions/redhat.java-1.13.0-linux-x64/lombok/lombok-1.18.24.jar -XX:+HeapDumpOnOutOfMemoryError -XX:HeapDumpPath=/home/helloworld/.config/Code/User/workspaceStorage/397242f4a49b870ca5f2ea536ca05f48/redhat.java /home/helloworld/.vscode/extensions/redhat.java-1.13.0-linux-x64/server/plugins/org.eclipse.equinox.launcher_1.6.400.v20210924-0641.jar -configuration /home/helloworld/.config/Code/User/globalStorage/redhat.java/1.13.0/config_linux -data /home/helloworld/.config/Code/User/workspaceStorage/397242f4a49b870ca5f2ea536ca05f48/redhat.java/jdt_ws

Host: Intel(R) Core(TM) i7-8750H CPU @ 2.20GHz, 12 cores, 15G, Ubuntu 22.04.1 LTS
Time: Sat Feb  4 17:31:26 2023 CET elapsed time: 2.952119 seconds (0d 0h 0m 2s)

---------------  T H R E A D  ---------------

Current thread (0x00007f15b8258550):  JavaThread "C2 CompilerThread0" daemon [_thread_in_native, id=1022668, stack(0x00007f159e27a000,0x00007f159e37a000)]


Current CompileTask:
C2:   2952 4442       4       jdk.internal.jimage.ImageReader$SharedImageReader::makeDirectories (54 bytes)

Stack: [0x00007f159e27a000,0x00007f159e37a000],  sp=0x00007f159e375300,  free space=1004k
Native frames: (J=compiled Java code, j=interpreted, Vv=VM code, C=native code)
V  [libjvm.so+0x7f6473]  IndexSet::alloc_block_containing(unsigned int)+0x43
V  [libjvm.so+0x7ec52f]  PhaseChaitin::interfere_with_live(unsigned int, IndexSet*) [clone .part.0]+0x2af
V  [libjvm.so+0x7eebfd]  PhaseChaitin::build_ifg_physical(ResourceArea*)+0x4ad
V  [libjvm.so+0x53cda7]  PhaseChaitin::Register_Allocate()+0x637
V  [libjvm.so+0x5cc5a9]  Compile::Code_Gen()+0x349
V  [libjvm.so+0x5d21fb]  Compile::Compile(ciEnv*, ciMethod*, int, bool, bool, bool, bool, bool, DirectiveSet*)+0x148b
V  [libjvm.so+0x510cb9]  C2Compiler::compile_method(ciEnv*, ciMethod*, int, bool, DirectiveSet*)+0xe9
V  [libjvm.so+0x5dab62]  CompileBroker::invoke_compiler_on_method(CompileTask*)+0xef2
V  [libjvm.so+0x5db808]  CompileBroker::compiler_thread_loop()+0x508
V  [libjvm.so+0xe59f04]  JavaThread::thread_main_inner()+0x184
V  [libjvm.so+0xe5d5b0]  Thread::call_run()+0xc0
V  [libjvm.so+0xc17381]  thread_native_entry(Thread*)+0xe1


siginfo: si_signo: 11 (SIGSEGV), si_code: 1 (SEGV_MAPERR), si_addr: 0x0000000000000600

Register to memory mapping:

RAX=0x00007f159e378960 is pointing into the stack for thread: 0x00007f15b8258550
RBX=0x000000000000007b is an unknown value
RCX=0x000000000000007b is an unknown value
RDX=0x00007f15b82597d0 points into unknown readable memory: 0x0000000000000003 | 03 00 00 00 00 00 00 00
RSP=0x00007f159e375300 is pointing into the stack for thread: 0x00007f15b8258550
RBP=0x00007f159e375330 is pointing into the stack for thread: 0x00007f15b8258550
RSI=0x000000000000007b is an unknown value
RDI=0x00007f15bf488fa8: <offset 0x00000000012affa8> in /home/helloworld/.vscode/extensions/redhat.java-1.13.0-linux-x64/jre/17.0.5-linux-x86_64/lib/server/libjvm.so at 0x00007f15be1d9000
R8 =0x0000000000000597 is an unknown value
R9 =0x00007f159e375660 is pointing into the stack for thread: 0x00007f15b8258550
R10=0x0000000000000009 is an unknown value
R11=0x00007f1584976538 points into unknown readable memory: 0x40144072ee7e5232 | 32 52 7e ee 72 40 14 40
R12=0x0000000000000600 is an unknown value
R13=0x00007f1584a592a0 points into unknown readable memory: 0x0000000000000000 | 00 00 00 00 00 00 00 00
R14=0x00007f159e377eb0 is pointing into the stack for thread: 0x00007f15b8258550
R15=0x00007f159e375980 is pointing into the stack for thread: 0x00007f15b8258550


Registers:
RAX=0x00007f159e378960, RBX=0x000000000000007b, RCX=0x000000000000007b, RDX=0x00007f15b82597d0
RSP=0x00007f159e375300, RBP=0x00007f159e375330, RSI=0x000000000000007b, RDI=0x00007f15bf488fa8
R8 =0x0000000000000597, R9 =0x00007f159e375660, R10=0x0000000000000009, R11=0x00007f1584976538
R12=0x0000000000000600, R13=0x00007f1584a592a0, R14=0x00007f159e377eb0, R15=0x00007f159e375980
RIP=0x00007f15be9cf473, EFLAGS=0x0000000000010206, CSGSFS=0x002b000000000033, ERR=0x0000000000000004
  TRAPNO=0x000000000000000e

Top of Stack: (sp=0x00007f159e375300)
0x00007f159e375300:   0000000000000000 000000000000007b
0x00007f159e375310:   0000000000004ce0 00007f159e375350
0x00007f159e375320:   00007f1584976538 00007f159e375980
0x00007f159e375330:   00007f159e3753b0 00007f15be9c552f 

Instructions: (pc=0x00007f15be9cf473)
0x00007f15be9cf373:   89 83 d0 08 00 00 4c 89 e0 41 0f 11 04 24 41 0f
0x00007f15be9cf383:   11 44 24 10 48 83 c4 08 5b 41 5c 41 5d 5d c3 66
0x00007f15be9cf393:   0f 1f 44 00 00 4c 8b ab c8 08 00 00 49 8b 45 18
0x00007f15be9cf3a3:   48 3d 9f f9 ff ff 76 18 48 8d 15 53 76 78 00 be
0x00007f15be9cf3b3:   60 06 00 00 4c 89 ef e8 f1 79 bd ff 49 8b 45 18
0x00007f15be9cf3c3:   48 8d 90 60 06 00 00 49 3b 55 20 76 50 31 d2 be
0x00007f15be9cf3d3:   60 06 00 00 4c 89 ef e8 01 7a bd ff 48 8d 48 20
0x00007f15be9cf3e3:   48 83 e1 e0 48 8d 91 40 06 00 00 48 89 c8 0f 1f
0x00007f15be9cf3f3:   80 00 00 00 00 4c 89 20 49 89 c4 48 8d 40 20 48
0x00007f15be9cf403:   39 d0 75 f1 4c 8d a1 20 06 00 00 4c 89 a3 d0 08
0x00007f15be9cf413:   00 00 e9 50 ff ff ff 66 0f 1f 44 00 00 49 89 55
0x00007f15be9cf423:   18 eb b9 66 2e 0f 1f 84 00 00 00 00 00 55 48 89
0x00007f15be9cf433:   e5 41 57 41 56 41 55 49 89 fd 41 54 53 89 f3 48
0x00007f15be9cf443:   83 ec 08 66 48 8d 3d 5a 9b ab 00 66 66 48 e8 ba
0x00007f15be9cf453:   c0 a5 ff 48 8b 00 48 8b 80 70 05 00 00 4c 8b b0
0x00007f15be9cf463:   80 00 00 00 4d 8b a6 d0 08 00 00 4d 85 e4 74 4d
0x00007f15be9cf473:   49 8b 04 24 66 0f ef c0 c1 eb 08 89 de 49 89 86
0x00007f15be9cf483:   d0 08 00 00 41 0f 11 04 24 41 0f 11 44 24 10 41
0x00007f15be9cf493:   39 75 04 77 07 8d 46 01 41 89 45 04 49 8b 45 08
0x00007f15be9cf4a3:   4c 89 24 f0 48 83 c4 08 4c 89 e0 5b 41 5c 41 5d
0x00007f15be9cf4b3:   41 5e 41 5f 5d c3 0f 1f 80 00 00 00 00 4d 8b be
0x00007f15be9cf4c3:   c8 08 00 00 49 8b 47 18 48 3d 9f f9 ff ff 76 18
0x00007f15be9cf4d3:   48 8d 15 2b 75 78 00 be 60 06 00 00 4c 89 ff e8
0x00007f15be9cf4e3:   c9 78 bd ff 49 8b 47 18 48 8d 90 60 06 00 00 49
0x00007f15be9cf4f3:   3b 57 20 76 50 31 d2 be 60 06 00 00 4c 89 ff e8
0x00007f15be9cf503:   d9 78 bd ff 48 8d 48 20 48 83 e1 e0 48 8d 91 40
0x00007f15be9cf513:   06 00 00 48 89 c8 0f 1f 80 00 00 00 00 4c 89 20
0x00007f15be9cf523:   49 89 c4 48 8d 40 20 48 39 d0 75 f1 4c 8d a1 20
0x00007f15be9cf533:   06 00 00 4d 89 a6 d0 08 00 00 e9 31 ff ff ff 66
0x00007f15be9cf543:   0f 1f 44 00 00 49 89 57 18 eb b9 66 90 55 48 89
0x00007f15be9cf553:   e5 41 55 41 54 49 89 fc 53 89 f3 48 83 ec 08 48
0x00007f15be9cf563:   8b 47 08 4c 8b 2c d8 66 48 8d 3d 36 9a ab 00 66 


Stack slot to memory mapping:
stack at sp + 0 slots: 0x0 is NULL
stack at sp + 1 slots: 0x000000000000007b is an unknown value
stack at sp + 2 slots: 0x0000000000004ce0 is an unknown value
stack at sp + 3 slots: 0x00007f159e375350 is pointing into the stack for thread: 0x00007f15b8258550
stack at sp + 4 slots: 0x00007f1584976538 points into unknown readable memory: 0x40144072ee7e5232 | 32 52 7e ee 72 40 14 40
stack at sp + 5 slots: 0x00007f159e375980 is pointing into the stack for thread: 0x00007f15b8258550
stack at sp + 6 slots: 0x00007f159e3753b0 is pointing into the stack for thread: 0x00007f15b8258550
stack at sp + 7 slots: 0x00007f15be9c552f: <offset 0x00000000007ec52f> in /home/helloworld/.vscode/extensions/redhat.java-1.13.0-linux-x64/jre/17.0.5-linux-x86_64/lib/server/libjvm.so at 0x00007f15be1d9000


---------------  P R O C E S S  ---------------

Threads class SMR info:
_java_thread_list=0x00007f151c012a30, length=24, elements={
0x00007f15b8028010, 0x00007f15b8229d30, 0x00007f15b822b2a0, 0x00007f15b82526a0,
0x00007f15b8255f90, 0x00007f15b8256f00, 0x00007f15b8258550, 0x00007f15b8259a00,
0x00007f15b8262e30, 0x00007f15b82e07f0, 0x00007f15b83cd8d0, 0x00007f15b84aeb00,
0x00007f15b85e67d0, 0x00007f15b8643e60, 0x00007f15b8646710, 0x00007f15400338c0,
0x00007f15400bae70, 0x00007f15402695e0, 0x00007f15402ec950, 0x00007f15403070a0,
0x00007f15408f3b00, 0x00007f15b86cd270, 0x00007f15b885b560, 0x00007f151c001ae0
}

Java Threads: ( => current thread )
  0x00007f15b8028010 JavaThread "main" [_thread_blocked, id=1022658, stack(0x00007f15bdfed000,0x00007f15be0ed000)]
  0x00007f15b8229d30 JavaThread "Reference Handler" daemon [_thread_blocked, id=1022662, stack(0x00007f159eced000,0x00007f159eded000)]
  0x00007f15b822b2a0 JavaThread "Finalizer" daemon [_thread_blocked, id=1022663, stack(0x00007f159ebed000,0x00007f159eced000)]
  0x00007f15b82526a0 JavaThread "Signal Dispatcher" daemon [_thread_blocked, id=1022665, stack(0x00007f159e57a000,0x00007f159e67a000)]
  0x00007f15b8255f90 JavaThread "Service Thread" daemon [_thread_blocked, id=1022666, stack(0x00007f159e47a000,0x00007f159e57a000)]
  0x00007f15b8256f00 JavaThread "Monitor Deflation Thread" daemon [_thread_blocked, id=1022667, stack(0x00007f159e37a000,0x00007f159e47a000)]
=>0x00007f15b8258550 JavaThread "C2 CompilerThread0" daemon [_thread_in_native, id=1022668, stack(0x00007f159e27a000,0x00007f159e37a000)]
  0x00007f15b8259a00 JavaThread "C1 CompilerThread0" daemon [_thread_blocked, id=1022669, stack(0x00007f159e17a000,0x00007f159e27a000)]
  0x00007f15b8262e30 JavaThread "Sweeper thread" daemon [_thread_blocked, id=1022670, stack(0x00007f159e07a000,0x00007f159e17a000)]
  0x00007f15b82e07f0 JavaThread "Common-Cleaner" daemon [_thread_blocked, id=1022671, stack(0x00007f159df7a000,0x00007f159e07a000)]
  0x00007f15b83cd8d0 JavaThread "Notification Thread" daemon [_thread_blocked, id=1022675, stack(0x00007f159de7a000,0x00007f159df7a000)]
  0x00007f15b84aeb00 JavaThread "process reaper" daemon [_thread_blocked, id=1022680, stack(0x00007f15bc0bb000,0x00007f15bc0dd000)]
  0x00007f15b85e67d0 JavaThread "Active Thread: Equinox Container: 7a3b8c96-a23f-4029-93e1-f0de42ed7ae7" [_thread_blocked, id=1022702, stack(0x00007f159cdf6000,0x00007f159cef6000)]
  0x00007f15b8643e60 JavaThread "Framework Event Dispatcher: Equinox Container: 7a3b8c96-a23f-4029-93e1-f0de42ed7ae7" daemon [_thread_blocked, id=1022723, stack(0x00007f159ccf6000,0x00007f159cdf6000)]
  0x00007f15b8646710 JavaThread "Start Level: Equinox Container: 7a3b8c96-a23f-4029-93e1-f0de42ed7ae7" daemon [_thread_blocked, id=1022724, stack(0x00007f159cbf6000,0x00007f159ccf6000)]
  0x00007f15400338c0 JavaThread "SCR Component Actor" daemon [_thread_blocked, id=1022727, stack(0x00007f159caf6000,0x00007f159cbf6000)]
  0x00007f15400bae70 JavaThread "SCR Component Registry" daemon [_thread_blocked, id=1022731, stack(0x00007f159c4fc000,0x00007f159c5fc000)]
  0x00007f15402695e0 JavaThread "Worker-JM" [_thread_blocked, id=1022735, stack(0x00007f159c3fc000,0x00007f159c4fc000)]
  0x00007f15402ec950 JavaThread "Worker-0" [_thread_blocked, id=1022738, stack(0x00007f159c1fa000,0x00007f159c2fa000)]
  0x00007f15403070a0 JavaThread "Worker-1: Initialize Workspace" [_thread_in_Java, id=1022739, stack(0x00007f159c0fa000,0x00007f159c1fa000)]
  0x00007f15408f3b00 JavaThread "Java indexing" daemon [_thread_blocked, id=1022741, stack(0x00007f1536f00000,0x00007f1537000000)]
  0x00007f15b86cd270 JavaThread "pool-2-thread-1" [_thread_blocked, id=1022759, stack(0x00007f1536c26000,0x00007f1536d26000)]
  0x00007f15b885b560 JavaThread "pool-1-thread-1" [_thread_blocked, id=1022760, stack(0x00007f1536e00000,0x00007f1536f00000)]
  0x00007f151c001ae0 JavaThread "Worker-2" [_thread_blocked, id=1022761, stack(0x00007f1536b26000,0x00007f1536c26000)]

Other Threads:
  0x00007f15b821a0c0 VMThread "VM Thread" [stack: 0x00007f159edef000,0x00007f159eeef000] [id=1022660]
  0x00007f15b8072e00 WatcherThread [stack: 0x00007f159dd7a000,0x00007f159de7a000] [id=1022676]
  0x00007f15b803fa40 GCTaskThread "GC Thread#0" [stack: 0x00007f15bdac1000,0x00007f15bdbc1000] [id=1022659]
  0x00007f1598001210 GCTaskThread "GC Thread#1" [stack: 0x00007f159dc78000,0x00007f159dd78000] [id=1022687]
  0x00007f1598002ed0 GCTaskThread "GC Thread#2" [stack: 0x00007f159d300000,0x00007f159d400000] [id=1022688]
  0x00007f15980038d0 GCTaskThread "GC Thread#3" [stack: 0x00007f159d1fe000,0x00007f159d2fe000] [id=1022689]
  0x00007f15980046c0 GCTaskThread "GC Thread#4" [stack: 0x00007f159d0fc000,0x00007f159d1fc000] [id=1022690]
  0x00007f15980054b0 GCTaskThread "GC Thread#5" [stack: 0x00007f159cffa000,0x00007f159d0fa000] [id=1022691]
  0x00007f15980062a0 GCTaskThread "GC Thread#6" [stack: 0x00007f159cef8000,0x00007f159cff8000] [id=1022692]
  0x00007f1598007c30 GCTaskThread "GC Thread#7" [stack: 0x00007f159c700000,0x00007f159c800000] [id=1022729]
  0x00007f1598008570 GCTaskThread "GC Thread#8" [stack: 0x00007f159c5fe000,0x00007f159c6fe000] [id=1022730]
  0x00007f1598009ea0 GCTaskThread "GC Thread#9" [stack: 0x00007f159c2fc000,0x00007f159c3fc000] [id=1022737]

Threads with active compile tasks:
C2 CompilerThread0     2959 4442       4       jdk.internal.jimage.ImageReader$SharedImageReader::makeDirectories (54 bytes)

VM state: not at safepoint (normal execution)

VM Mutex/Monitor currently owned by a thread: None

Heap address: 0x00000000c0000000, size: 1024 MB, Compressed Oops mode: 32-bit

CDS archive(s) not mapped
Compressed class space mapped at: 0x0000000100000000-0x0000000140000000, reserved size: 1073741824
Narrow klass base: 0x0000000000000000, Narrow klass shift: 3, Narrow klass range: 0x140000000

GC Precious Log:
 CPUs: 12 total, 12 available
 Memory: 15843M
 Large Page Support: Disabled
 NUMA Support: Disabled
 Compressed Oops: Enabled (32-bit)
 Alignments: Space 512K, Generation 512K, Heap 2M
 Heap Min Capacity: 100M
 Heap Initial Capacity: 100M
 Heap Max Capacity: 1G
 Pre-touch: Disabled
 Parallel Workers: 10

Heap:
 PSYoungGen      total 24576K, used 21219K [0x00000000eab00000, 0x00000000ec580000, 0x0000000100000000)
  eden space 22016K, 86% used [0x00000000eab00000,0x00000000ebd88d70,0x00000000ec080000)
  from space 2560K, 87% used [0x00000000ec300000,0x00000000ec530010,0x00000000ec580000)
  to   space 2560K, 0% used [0x00000000ec080000,0x00000000ec080000,0x00000000ec300000)
 ParOldGen       total 68608K, used 17619K [0x00000000c0000000, 0x00000000c4300000, 0x00000000eab00000)
  object space 68608K, 25% used [0x00000000c0000000,0x00000000c1134d80,0x00000000c4300000)
 Metaspace       used 45348K, committed 46144K, reserved 1097728K
  class space    used 4909K, committed 5248K, reserved 1048576K

Card table byte_map: [0x00007f15bdbc1000,0x00007f15bddc2000] _byte_map_base: 0x00007f15bd5c1000

Marking Bits: (ParMarkBitMap*) 0x00007f15bf4ef660
 Begin Bits: [0x00007f15a43ee000, 0x00007f15a53ee000)
 End Bits:   [0x00007f15a53ee000, 0x00007f15a63ee000)

Polling page: 0x00007f15bf794000

Metaspace:

Usage:
  Non-class:     39.49 MB used.
      Class:      4.79 MB used.
       Both:     44.29 MB used.

Virtual space:
  Non-class space:       48.00 MB reserved,      39.94 MB ( 83%) committed,  6 nodes.
      Class space:        1.00 GB reserved,       5.12 MB ( <1%) committed,  1 nodes.
             Both:        1.05 GB reserved,      45.06 MB (  4%) committed. 

Chunk freelists:
   Non-Class:  3.73 MB
       Class:  2.89 MB
        Both:  6.63 MB

MaxMetaspaceSize: unlimited
CompressedClassSpaceSize: 1.00 GB
Initial GC threshold: 21.00 MB
Current GC threshold: 58.38 MB
CDS: off
MetaspaceReclaimPolicy: balanced
 - commit_granule_bytes: 65536.
 - commit_granule_words: 8192.
 - virtual_space_node_default_size: 1048576.
 - enlarge_chunks_in_place: 1.
 - new_chunks_are_fully_committed: 0.
 - uncommit_free_chunks: 1.
 - use_allocation_guard: 0.
 - handle_deallocations: 1.


Internal statistics:

num_allocs_failed_limit: 6.
num_arena_births: 306.
num_arena_deaths: 14.
num_vsnodes_births: 7.
num_vsnodes_deaths: 0.
num_space_committed: 721.
num_space_uncommitted: 0.
num_chunks_returned_to_freelist: 20.
num_chunks_taken_from_freelist: 1808.
num_chunk_merges: 7.
num_chunk_splits: 1235.
num_chunks_enlarged: 872.
num_purges: 2.
num_inconsistent_stats: 0.

CodeHeap 'non-profiled nmethods': size=120028Kb used=1558Kb max_used=1558Kb free=118469Kb
 bounds [0x00007f15adeb7000, 0x00007f15ae127000, 0x00007f15b53ee000]
CodeHeap 'profiled nmethods': size=120028Kb used=8331Kb max_used=8331Kb free=111696Kb
 bounds [0x00007f15a6980000, 0x00007f15a71b0000, 0x00007f15adeb7000]
CodeHeap 'non-nmethods': size=5704Kb used=1261Kb max_used=1336Kb free=4442Kb
 bounds [0x00007f15a63ee000, 0x00007f15a665e000, 0x00007f15a6980000]
 total_blobs=5063 nmethods=4480 adapters=498
 compilation: enabled
              stopped_count=0, restarted_count=0
 full_count=0

Compilation events (20 events):
Event: 2.944 Thread 0x00007f15b8259a00 nmethod 4493 0x00007f15a719f090 code [0x00007f15a719f240, 0x00007f15a719f360]
Event: 2.944 Thread 0x00007f15b8259a00 4491       1       java.lang.Thread::isInterrupted (5 bytes)
Event: 2.944 Thread 0x00007f15b8259a00 nmethod 4491 0x00007f15ae03bb90 code [0x00007f15ae03bd20, 0x00007f15ae03bdf0]
Event: 2.944 Thread 0x00007f15b8259a00 4495       2       org.eclipse.jdt.internal.compiler.util.ObjectVector::elementAt (7 bytes)
Event: 2.944 Thread 0x00007f15b8259a00 nmethod 4495 0x00007f15a719f410 code [0x00007f15a719f5a0, 0x00007f15a719f6d0]
Event: 2.944 Thread 0x00007f15b8259a00 4496       2       jdk.internal.util.ArraysSupport::mismatch (72 bytes)
Event: 2.944 Thread 0x00007f15b8259a00 nmethod 4496 0x00007f15a719f790 code [0x00007f15a719f960, 0x00007f15a719fc50]
Event: 2.944 Thread 0x00007f15b8259a00 4497       2       java.io.File::getName (42 bytes)
Event: 2.945 Thread 0x00007f15b8259a00 nmethod 4497 0x00007f15a719fe90 code [0x00007f15a71a0060, 0x00007f15a71a02b0]
Event: 2.945 Thread 0x00007f15b8259a00 4499       2       java.util.Arrays::hashCode (44 bytes)
Event: 2.945 Thread 0x00007f15b8259a00 nmethod 4499 0x00007f15a71a0510 code [0x00007f15a71a06c0, 0x00007f15a71a0850]
Event: 2.945 Thread 0x00007f15b8259a00 4494       1       org.eclipse.jdt.internal.compiler.classfmt.ModuleInfo::name (5 bytes)
Event: 2.945 Thread 0x00007f15b8259a00 nmethod 4494 0x00007f15ae03be90 code [0x00007f15ae03c020, 0x00007f15ae03c0f0]
Event: 2.945 Thread 0x00007f15b8259a00 4498       1       org.eclipse.jdt.internal.compiler.util.ObjectVector::size (5 bytes)
Event: 2.945 Thread 0x00007f15b8259a00 nmethod 4498 0x00007f15ae03c190 code [0x00007f15ae03c320, 0x00007f15ae03c3f0]
Event: 2.946 Thread 0x00007f15b8259a00 4500       2       org.eclipse.core.internal.resources.Resource::exists (24 bytes)
Event: 2.947 Thread 0x00007f15b8259a00 nmethod 4500 0x00007f15a71a0990 code [0x00007f15a71a0b40, 0x00007f15a71a0cc0]
Event: 2.947 Thread 0x00007f15b8259a00 4501       1       org.eclipse.jdt.internal.core.OpenableElementInfo::getChildren (5 bytes)
Event: 2.947 Thread 0x00007f15b8259a00 nmethod 4501 0x00007f15ae03c490 code [0x00007f15ae03c620, 0x00007f15ae03c6f0]
Event: 2.947 Thread 0x00007f15b8259a00 4502       1       org.eclipse.jdt.internal.core.NamedMember::getElementName (5 bytes)

GC Heap History (20 events):
Event: 1.674 GC heap before
{Heap before GC invocations=7 (full 1):
 PSYoungGen      total 28672K, used 28339K [0x00000000eab00000, 0x00000000ecb80000, 0x0000000100000000)
  eden space 25088K, 100% used [0x00000000eab00000,0x00000000ec380000,0x00000000ec380000)
  from space 3584K, 90% used [0x00000000ec400000,0x00000000ec72cce0,0x00000000ec780000)
  to   space 4096K, 0% used [0x00000000ec780000,0x00000000ec780000,0x00000000ecb80000)
 ParOldGen       total 68608K, used 8169K [0x00000000c0000000, 0x00000000c4300000, 0x00000000eab00000)
  object space 68608K, 11% used [0x00000000c0000000,0x00000000c07fa6e8,0x00000000c4300000)
 Metaspace       used 27946K, committed 28416K, reserved 1081344K
  class space    used 2752K, committed 2944K, reserved 1048576K
}
Event: 1.675 GC heap after
{Heap after GC invocations=7 (full 1):
 PSYoungGen      total 26624K, used 1589K [0x00000000eab00000, 0x00000000ec980000, 0x0000000100000000)
  eden space 24576K, 0% used [0x00000000eab00000,0x00000000eab00000,0x00000000ec300000)
  from space 2048K, 77% used [0x00000000ec780000,0x00000000ec90d7a0,0x00000000ec980000)
  to   space 2560K, 0% used [0x00000000ec480000,0x00000000ec480000,0x00000000ec700000)
 ParOldGen       total 68608K, used 8177K [0x00000000c0000000, 0x00000000c4300000, 0x00000000eab00000)
  object space 68608K, 11% used [0x00000000c0000000,0x00000000c07fc6e8,0x00000000c4300000)
 Metaspace       used 27946K, committed 28416K, reserved 1081344K
  class space    used 2752K, committed 2944K, reserved 1048576K
}
Event: 1.838 GC heap before
{Heap before GC invocations=8 (full 1):
 PSYoungGen      total 26624K, used 26165K [0x00000000eab00000, 0x00000000ec980000, 0x0000000100000000)
  eden space 24576K, 100% used [0x00000000eab00000,0x00000000ec300000,0x00000000ec300000)
  from space 2048K, 77% used [0x00000000ec780000,0x00000000ec90d7a0,0x00000000ec980000)
  to   space 2560K, 0% used [0x00000000ec480000,0x00000000ec480000,0x00000000ec700000)
 ParOldGen       total 68608K, used 8177K [0x00000000c0000000, 0x00000000c4300000, 0x00000000eab00000)
  object space 68608K, 11% used [0x00000000c0000000,0x00000000c07fc6e8,0x00000000c4300000)
 Metaspace       used 31189K, committed 31808K, reserved 1081344K
  class space    used 3096K, committed 3328K, reserved 1048576K
}
Event: 1.839 GC heap after
{Heap after GC invocations=8 (full 1):
 PSYoungGen      total 26624K, used 2533K [0x00000000eab00000, 0x00000000ec880000, 0x0000000100000000)
  eden space 24064K, 0% used [0x00000000eab00000,0x00000000eab00000,0x00000000ec280000)
  from space 2560K, 98% used [0x00000000ec480000,0x00000000ec6f97f8,0x00000000ec700000)
  to   space 1536K, 0% used [0x00000000ec700000,0x00000000ec700000,0x00000000ec880000)
 ParOldGen       total 68608K, used 8441K [0x00000000c0000000, 0x00000000c4300000, 0x00000000eab00000)
  object space 68608K, 12% used [0x00000000c0000000,0x00000000c083e6f8,0x00000000c4300000)
 Metaspace       used 31189K, committed 31808K, reserved 1081344K
  class space    used 3096K, committed 3328K, reserved 1048576K
}
Event: 2.027 GC heap before
{Heap before GC invocations=9 (full 1):
 PSYoungGen      total 26624K, used 26597K [0x00000000eab00000, 0x00000000ec880000, 0x0000000100000000)
  eden space 24064K, 100% used [0x00000000eab00000,0x00000000ec280000,0x00000000ec280000)
  from space 2560K, 98% used [0x00000000ec480000,0x00000000ec6f97f8,0x00000000ec700000)
  to   space 1536K, 0% used [0x00000000ec700000,0x00000000ec700000,0x00000000ec880000)
 ParOldGen       total 68608K, used 8441K [0x00000000c0000000, 0x00000000c4300000, 0x00000000eab00000)
  object space 68608K, 12% used [0x00000000c0000000,0x00000000c083e6f8,0x00000000c4300000)
 Metaspace       used 34739K, committed 35392K, reserved 1081344K
  class space    used 3548K, committed 3840K, reserved 1048576K
}
Event: 2.029 GC heap after
{Heap after GC invocations=9 (full 1):
 PSYoungGen      total 25088K, used 1527K [0x00000000eab00000, 0x00000000eca00000, 0x0000000100000000)
  eden space 23552K, 0% used [0x00000000eab00000,0x00000000eab00000,0x00000000ec200000)
  from space 1536K, 99% used [0x00000000ec700000,0x00000000ec87ddb8,0x00000000ec880000)
  to   space 4096K, 0% used [0x00000000ec200000,0x00000000ec200000,0x00000000ec600000)
 ParOldGen       total 68608K, used 10540K [0x00000000c0000000, 0x00000000c4300000, 0x00000000eab00000)
  object space 68608K, 15% used [0x00000000c0000000,0x00000000c0a4b330,0x00000000c4300000)
 Metaspace       used 34739K, committed 35392K, reserved 1081344K
  class space    used 3548K, committed 3840K, reserved 1048576K
}
Event: 2.056 GC heap before
{Heap before GC invocations=10 (full 1):
 PSYoungGen      total 25088K, used 5205K [0x00000000eab00000, 0x00000000eca00000, 0x0000000100000000)
  eden space 23552K, 15% used [0x00000000eab00000,0x00000000eae979c0,0x00000000ec200000)
  from space 1536K, 99% used [0x00000000ec700000,0x00000000ec87ddb8,0x00000000ec880000)
  to   space 4096K, 0% used [0x00000000ec200000,0x00000000ec200000,0x00000000ec600000)
 ParOldGen       total 68608K, used 10540K [0x00000000c0000000, 0x00000000c4300000, 0x00000000eab00000)
  object space 68608K, 15% used [0x00000000c0000000,0x00000000c0a4b330,0x00000000c4300000)
 Metaspace       used 35137K, committed 35840K, reserved 1081344K
  class space    used 3615K, committed 3904K, reserved 1048576K
}
Event: 2.058 GC heap after
{Heap after GC invocations=10 (full 1):
 PSYoungGen      total 25088K, used 1180K [0x00000000eab00000, 0x00000000ec780000, 0x0000000100000000)
  eden space 23552K, 0% used [0x00000000eab00000,0x00000000eab00000,0x00000000ec200000)
  from space 1536K, 76% used [0x00000000ec200000,0x00000000ec327188,0x00000000ec380000)
  to   space 2560K, 0% used [0x00000000ec500000,0x00000000ec500000,0x00000000ec780000)
 ParOldGen       total 68608K, used 11347K [0x00000000c0000000, 0x00000000c4300000, 0x00000000eab00000)
  object space 68608K, 16% used [0x00000000c0000000,0x00000000c0b14c38,0x00000000c4300000)
 Metaspace       used 35137K, committed 35840K, reserved 1081344K
  class space    used 3615K, committed 3904K, reserved 1048576K
}
Event: 2.058 GC heap before
{Heap before GC invocations=11 (full 2):
 PSYoungGen      total 25088K, used 1180K [0x00000000eab00000, 0x00000000ec780000, 0x0000000100000000)
  eden space 23552K, 0% used [0x00000000eab00000,0x00000000eab00000,0x00000000ec200000)
  from space 1536K, 76% used [0x00000000ec200000,0x00000000ec327188,0x00000000ec380000)
  to   space 2560K, 0% used [0x00000000ec500000,0x00000000ec500000,0x00000000ec780000)
 ParOldGen       total 68608K, used 11347K [0x00000000c0000000, 0x00000000c4300000, 0x00000000eab00000)
  object space 68608K, 16% used [0x00000000c0000000,0x00000000c0b14c38,0x00000000c4300000)
 Metaspace       used 35137K, committed 35840K, reserved 1081344K
  class space    used 3615K, committed 3904K, reserved 1048576K
}
Event: 2.075 GC heap after
{Heap after GC invocations=11 (full 2):
 PSYoungGen      total 25088K, used 0K [0x00000000eab00000, 0x00000000ec780000, 0x0000000100000000)
  eden space 23552K, 0% used [0x00000000eab00000,0x00000000eab00000,0x00000000ec200000)
  from space 1536K, 0% used [0x00000000ec200000,0x00000000ec200000,0x00000000ec380000)
  to   space 2560K, 0% used [0x00000000ec500000,0x00000000ec500000,0x00000000ec780000)
 ParOldGen       total 68608K, used 12152K [0x00000000c0000000, 0x00000000c4300000, 0x00000000eab00000)
  object space 68608K, 17% used [0x00000000c0000000,0x00000000c0bde3e8,0x00000000c4300000)
 Metaspace       used 35137K, committed 35840K, reserved 1081344K
  class space    used 3615K, committed 3904K, reserved 1048576K
}
Event: 2.223 GC heap before
{Heap before GC invocations=12 (full 2):
 PSYoungGen      total 25088K, used 23552K [0x00000000eab00000, 0x00000000ec780000, 0x0000000100000000)
  eden space 23552K, 100% used [0x00000000eab00000,0x00000000ec200000,0x00000000ec200000)
  from space 1536K, 0% used [0x00000000ec200000,0x00000000ec200000,0x00000000ec380000)
  to   space 2560K, 0% used [0x00000000ec500000,0x00000000ec500000,0x00000000ec780000)
 ParOldGen       total 68608K, used 12152K [0x00000000c0000000, 0x00000000c4300000, 0x00000000eab00000)
  object space 68608K, 17% used [0x00000000c0000000,0x00000000c0bde3e8,0x00000000c4300000)
 Metaspace       used 37592K, committed 38336K, reserved 1089536K
  class space    used 3960K, committed 4288K, reserved 1048576K
}
Event: 2.223 GC heap after
{Heap after GC invocations=12 (full 2):
 PSYoungGen      total 24064K, used 672K [0x00000000eab00000, 0x00000000ec600000, 0x0000000100000000)
  eden space 23040K, 0% used [0x00000000eab00000,0x00000000eab00000,0x00000000ec180000)
  from space 1024K, 65% used [0x00000000ec500000,0x00000000ec5a8000,0x00000000ec600000)
  to   space 1024K, 0% used [0x00000000ec400000,0x00000000ec400000,0x00000000ec500000)
 ParOldGen       total 68608K, used 12160K [0x00000000c0000000, 0x00000000c4300000, 0x00000000eab00000)
  object space 68608K, 17% used [0x00000000c0000000,0x00000000c0be03e8,0x00000000c4300000)
 Metaspace       used 37592K, committed 38336K, reserved 1089536K
  class space    used 3960K, committed 4288K, reserved 1048576K
}
Event: 2.387 GC heap before
{Heap before GC invocations=13 (full 2):
 PSYoungGen      total 24064K, used 23712K [0x00000000eab00000, 0x00000000ec600000, 0x0000000100000000)
  eden space 23040K, 100% used [0x00000000eab00000,0x00000000ec180000,0x00000000ec180000)
  from space 1024K, 65% used [0x00000000ec500000,0x00000000ec5a8000,0x00000000ec600000)
  to   space 1024K, 0% used [0x00000000ec400000,0x00000000ec400000,0x00000000ec500000)
 ParOldGen       total 68608K, used 12160K [0x00000000c0000000, 0x00000000c4300000, 0x00000000eab00000)
  object space 68608K, 17% used [0x00000000c0000000,0x00000000c0be03e8,0x00000000c4300000)
 Metaspace       used 40332K, committed 41088K, reserved 1089536K
  class space    used 4322K, committed 4672K, reserved 1048576K
}
Event: 2.388 GC heap after
{Heap after GC invocations=13 (full 2):
 PSYoungGen      total 23552K, used 1024K [0x00000000eab00000, 0x00000000ec580000, 0x0000000100000000)
  eden space 22528K, 0% used [0x00000000eab00000,0x00000000eab00000,0x00000000ec100000)
  from space 1024K, 100% used [0x00000000ec400000,0x00000000ec500000,0x00000000ec500000)
  to   space 512K, 0% used [0x00000000ec500000,0x00000000ec500000,0x00000000ec580000)
 ParOldGen       total 68608K, used 12648K [0x00000000c0000000, 0x00000000c4300000, 0x00000000eab00000)
  object space 68608K, 18% used [0x00000000c0000000,0x00000000c0c5a3e8,0x00000000c4300000)
 Metaspace       used 40332K, committed 41088K, reserved 1089536K
  class space    used 4322K, committed 4672K, reserved 1048576K
}
Event: 2.600 GC heap before
{Heap before GC invocations=14 (full 2):
 PSYoungGen      total 23552K, used 23551K [0x00000000eab00000, 0x00000000ec580000, 0x0000000100000000)
  eden space 22528K, 99% used [0x00000000eab00000,0x00000000ec0ffff0,0x00000000ec100000)
  from space 1024K, 100% used [0x00000000ec400000,0x00000000ec500000,0x00000000ec500000)
  to   space 512K, 0% used [0x00000000ec500000,0x00000000ec500000,0x00000000ec580000)
 ParOldGen       total 68608K, used 12648K [0x00000000c0000000, 0x00000000c4300000, 0x00000000eab00000)
  object space 68608K, 18% used [0x00000000c0000000,0x00000000c0c5a3e8,0x00000000c4300000)
 Metaspace       used 43196K, committed 43968K, reserved 1089536K
  class space    used 4677K, committed 4992K, reserved 1048576K
}
Event: 2.602 GC heap after
{Heap after GC invocations=14 (full 2):
 PSYoungGen      total 22528K, used 503K [0x00000000eab00000, 0x00000000ec680000, 0x0000000100000000)
  eden space 22016K, 0% used [0x00000000eab00000,0x00000000eab00000,0x00000000ec080000)
  from space 512K, 98% used [0x00000000ec500000,0x00000000ec57de98,0x00000000ec580000)
  to   space 3072K, 0% used [0x00000000ec080000,0x00000000ec080000,0x00000000ec380000)
 ParOldGen       total 68608K, used 14817K [0x00000000c0000000, 0x00000000c4300000, 0x00000000eab00000)
  object space 68608K, 21% used [0x00000000c0000000,0x00000000c0e78568,0x00000000c4300000)
 Metaspace       used 43196K, committed 43968K, reserved 1089536K
  class space    used 4677K, committed 4992K, reserved 1048576K
}
Event: 2.849 GC heap before
{Heap before GC invocations=15 (full 2):
 PSYoungGen      total 22528K, used 22519K [0x00000000eab00000, 0x00000000ec680000, 0x0000000100000000)
  eden space 22016K, 100% used [0x00000000eab00000,0x00000000ec080000,0x00000000ec080000)
  from space 512K, 98% used [0x00000000ec500000,0x00000000ec57de98,0x00000000ec580000)
  to   space 3072K, 0% used [0x00000000ec080000,0x00000000ec080000,0x00000000ec380000)
 ParOldGen       total 68608K, used 14817K [0x00000000c0000000, 0x00000000c4300000, 0x00000000eab00000)
  object space 68608K, 21% used [0x00000000c0000000,0x00000000c0e78568,0x00000000c4300000)
 Metaspace       used 45091K, committed 45888K, reserved 1097728K
  class space    used 4879K, committed 5184K, reserved 1048576K
}
Event: 2.852 GC heap after
{Heap after GC invocations=15 (full 2):
 PSYoungGen      total 24576K, used 2400K [0x00000000eab00000, 0x00000000ec580000, 0x0000000100000000)
  eden space 22016K, 0% used [0x00000000eab00000,0x00000000eab00000,0x00000000ec080000)
  from space 2560K, 93% used [0x00000000ec080000,0x00000000ec2d8020,0x00000000ec300000)
  to   space 2560K, 0% used [0x00000000ec300000,0x00000000ec300000,0x00000000ec580000)
 ParOldGen       total 68608K, used 15368K [0x00000000c0000000, 0x00000000c4300000, 0x00000000eab00000)
  object space 68608K, 22% used [0x00000000c0000000,0x00000000c0f023b0,0x00000000c4300000)
 Metaspace       used 45091K, committed 45888K, reserved 1097728K
  class space    used 4879K, committed 5184K, reserved 1048576K
}
Event: 2.918 GC heap before
{Heap before GC invocations=16 (full 2):
 PSYoungGen      total 24576K, used 24416K [0x00000000eab00000, 0x00000000ec580000, 0x0000000100000000)
  eden space 22016K, 100% used [0x00000000eab00000,0x00000000ec080000,0x00000000ec080000)
  from space 2560K, 93% used [0x00000000ec080000,0x00000000ec2d8020,0x00000000ec300000)
  to   space 2560K, 0% used [0x00000000ec300000,0x00000000ec300000,0x00000000ec580000)
 ParOldGen       total 68608K, used 15368K [0x00000000c0000000, 0x00000000c4300000, 0x00000000eab00000)
  object space 68608K, 22% used [0x00000000c0000000,0x00000000c0f023b0,0x00000000c4300000)
 Metaspace       used 45270K, committed 46080K, reserved 1097728K
  class space    used 4898K, committed 5248K, reserved 1048576K
}
Event: 2.920 GC heap after
{Heap after GC invocations=16 (full 2):
 PSYoungGen      total 24576K, used 2240K [0x00000000eab00000, 0x00000000ec580000, 0x0000000100000000)
  eden space 22016K, 0% used [0x00000000eab00000,0x00000000eab00000,0x00000000ec080000)
  from space 2560K, 87% used [0x00000000ec300000,0x00000000ec530010,0x00000000ec580000)
  to   space 2560K, 0% used [0x00000000ec080000,0x00000000ec080000,0x00000000ec300000)
 ParOldGen       total 68608K, used 17619K [0x00000000c0000000, 0x00000000c4300000, 0x00000000eab00000)
  object space 68608K, 25% used [0x00000000c0000000,0x00000000c1134d80,0x00000000c4300000)
 Metaspace       used 45270K, committed 46080K, reserved 1097728K
  class space    used 4898K, committed 5248K, reserved 1048576K
}

Dll operation events (11 events):
Event: 0.001 Loaded shared library /home/helloworld/.vscode/extensions/redhat.java-1.13.0-linux-x64/jre/17.0.5-linux-x86_64/lib/libjava.so
Event: 0.094 Loaded shared library /home/helloworld/.vscode/extensions/redhat.java-1.13.0-linux-x64/jre/17.0.5-linux-x86_64/lib/libzip.so
Event: 0.095 Loaded shared library /home/helloworld/.vscode/extensions/redhat.java-1.13.0-linux-x64/jre/17.0.5-linux-x86_64/lib/libinstrument.so
Event: 0.103 Loaded shared library /home/helloworld/.vscode/extensions/redhat.java-1.13.0-linux-x64/jre/17.0.5-linux-x86_64/lib/libnio.so
Event: 0.111 Loaded shared library /home/helloworld/.vscode/extensions/redhat.java-1.13.0-linux-x64/jre/17.0.5-linux-x86_64/lib/libzip.so
Event: 0.121 Loaded shared library /home/helloworld/.vscode/extensions/redhat.java-1.13.0-linux-x64/jre/17.0.5-linux-x86_64/lib/libjimage.so
Event: 0.148 Loaded shared library /home/helloworld/.vscode/extensions/redhat.java-1.13.0-linux-x64/jre/17.0.5-linux-x86_64/lib/libverify.so
Event: 0.540 Loaded shared library /home/helloworld/.vscode/extensions/redhat.java-1.13.0-linux-x64/jre/17.0.5-linux-x86_64/lib/libnet.so
Event: 0.829 Loaded shared library /home/helloworld/.config/Code/User/globalStorage/redhat.java/1.13.0/config_linux/org.eclipse.equinox.launcher/org.eclipse.equinox.launcher.gtk.linux.x86_64_1.2.600.v20220720-1916/eclipse_11701.so
Event: 1.268 Loaded shared library /home/helloworld/.vscode/extensions/redhat.java-1.13.0-linux-x64/jre/17.0.5-linux-x86_64/lib/libmanagement.so
Event: 1.271 Loaded shared library /home/helloworld/.vscode/extensions/redhat.java-1.13.0-linux-x64/jre/17.0.5-linux-x86_64/lib/libmanagement_ext.so

Deoptimization events (20 events):
Event: 2.694 Thread 0x00007f15403070a0 Uncommon trap: trap_request=0xffffff45 fr.pc=0x00007f15adfd5bc4 relative=0x00000000000000a4
Event: 2.694 Thread 0x00007f15403070a0 Uncommon trap: reason=unstable_if action=reinterpret pc=0x00007f15adfd5bc4 method=java.nio.Buffer.limit(I)Ljava/nio/Buffer; @ 42 c2
Event: 2.694 Thread 0x00007f15403070a0 DEOPT PACKING pc=0x00007f15adfd5bc4 sp=0x00007f159c1f7070
Event: 2.694 Thread 0x00007f15403070a0 DEOPT UNPACKING pc=0x00007f15a643fd99 sp=0x00007f159c1f7018 mode 2
Event: 2.694 Thread 0x00007f15403070a0 Uncommon trap: trap_request=0xffffffc6 fr.pc=0x00007f15adfd610c relative=0x000000000000024c
Event: 2.694 Thread 0x00007f15403070a0 Uncommon trap: reason=bimorphic_or_optimized_type_check action=maybe_recompile pc=0x00007f15adfd610c method=java.nio.Buffer.<init>(IIIILjdk/internal/access/foreign/MemorySegmentProxy;)V @ 39 c2
Event: 2.694 Thread 0x00007f15403070a0 DEOPT PACKING pc=0x00007f15adfd610c sp=0x00007f159c1f6d50
Event: 2.694 Thread 0x00007f15403070a0 DEOPT UNPACKING pc=0x00007f15a643fd99 sp=0x00007f159c1f6cf8 mode 2
Event: 2.709 Thread 0x00007f15403070a0 Uncommon trap: trap_request=0xffffffc6 fr.pc=0x00007f15adfd610c relative=0x000000000000024c
Event: 2.709 Thread 0x00007f15403070a0 Uncommon trap: reason=bimorphic_or_optimized_type_check action=maybe_recompile pc=0x00007f15adfd610c method=java.nio.Buffer.<init>(IIIILjdk/internal/access/foreign/MemorySegmentProxy;)V @ 39 c2
Event: 2.709 Thread 0x00007f15403070a0 DEOPT PACKING pc=0x00007f15adfd610c sp=0x00007f159c1f6a70
Event: 2.709 Thread 0x00007f15403070a0 DEOPT UNPACKING pc=0x00007f15a643fd99 sp=0x00007f159c1f6a18 mode 2
Event: 2.787 Thread 0x00007f15403070a0 Uncommon trap: trap_request=0xffffff45 fr.pc=0x00007f15ae028f1c relative=0x00000000000002fc
Event: 2.787 Thread 0x00007f15403070a0 Uncommon trap: reason=unstable_if action=reinterpret pc=0x00007f15ae028f1c method=jdk.internal.jrtfs.JrtPath.normalize(Ljava/lang/String;)Ljava/lang/String; @ 78 c2
Event: 2.787 Thread 0x00007f15403070a0 DEOPT PACKING pc=0x00007f15ae028f1c sp=0x00007f159c1f74a0
Event: 2.787 Thread 0x00007f15403070a0 DEOPT UNPACKING pc=0x00007f15a643fd99 sp=0x00007f159c1f7440 mode 2
Event: 2.804 Thread 0x00007f15403070a0 Uncommon trap: trap_request=0xffffff45 fr.pc=0x00007f15adf1cf80 relative=0x0000000000000340
Event: 2.804 Thread 0x00007f15403070a0 Uncommon trap: reason=unstable_if action=reinterpret pc=0x00007f15adf1cf80 method=java.util.HashMap.getNode(Ljava/lang/Object;)Ljava/util/HashMap$Node; @ 66 c2
Event: 2.804 Thread 0x00007f15403070a0 DEOPT PACKING pc=0x00007f15adf1cf80 sp=0x00007f159c1f7770
Event: 2.804 Thread 0x00007f15403070a0 DEOPT UNPACKING pc=0x00007f15a643fd99 sp=0x00007f159c1f76b0 mode 2

Classes unloaded (7 events):
Event: 1.362 Thread 0x00007f15b821a0c0 Unloading class 0x0000000100242400 'java/lang/invoke/LambdaForm$MH+0x0000000100242400'
Event: 1.362 Thread 0x00007f15b821a0c0 Unloading class 0x0000000100242000 'java/lang/invoke/LambdaForm$MH+0x0000000100242000'
Event: 1.362 Thread 0x00007f15b821a0c0 Unloading class 0x0000000100241c00 'java/lang/invoke/LambdaForm$MH+0x0000000100241c00'
Event: 1.362 Thread 0x00007f15b821a0c0 Unloading class 0x0000000100241800 'java/lang/invoke/LambdaForm$MH+0x0000000100241800'
Event: 1.362 Thread 0x00007f15b821a0c0 Unloading class 0x0000000100241000 'java/lang/invoke/LambdaForm$BMH+0x0000000100241000'
Event: 1.362 Thread 0x00007f15b821a0c0 Unloading class 0x0000000100240c00 'java/lang/invoke/LambdaForm$DMH+0x0000000100240c00'
Event: 1.362 Thread 0x00007f15b821a0c0 Unloading class 0x000000010023e000 'java/lang/invoke/LambdaForm$DMH+0x000000010023e000'

Classes redefined (0 events):
No events

Internal exceptions (20 events):
Event: 2.646 Thread 0x00007f15403070a0 Exception <a 'sun/nio/fs/UnixException'{0x00000000eae769e8}> (0x00000000eae769e8) 
thrown [src/hotspot/share/prims/jni.cpp, line 516]
Event: 2.646 Thread 0x00007f15403070a0 Exception <a 'sun/nio/fs/UnixException'{0x00000000eae78d38}> (0x00000000eae78d38) 
thrown [src/hotspot/share/prims/jni.cpp, line 516]
Event: 2.647 Thread 0x00007f15403070a0 Exception <a 'sun/nio/fs/UnixException'{0x00000000eae7a810}> (0x00000000eae7a810) 
thrown [src/hotspot/share/prims/jni.cpp, line 516]
Event: 2.647 Thread 0x00007f15403070a0 Exception <a 'sun/nio/fs/UnixException'{0x00000000eae7c108}> (0x00000000eae7c108) 
thrown [src/hotspot/share/prims/jni.cpp, line 516]
Event: 2.648 Thread 0x00007f15403070a0 Exception <a 'sun/nio/fs/UnixException'{0x00000000eae7f5a8}> (0x00000000eae7f5a8) 
thrown [src/hotspot/share/prims/jni.cpp, line 516]
Event: 2.655 Thread 0x00007f15403070a0 Exception <a 'sun/nio/fs/UnixException'{0x00000000eaeacd68}> (0x00000000eaeacd68) 
thrown [src/hotspot/share/prims/jni.cpp, line 516]
Event: 2.660 Thread 0x00007f15403070a0 Exception <a 'sun/nio/fs/UnixException'{0x00000000eaedd018}> (0x00000000eaedd018) 
thrown [src/hotspot/share/prims/jni.cpp, line 516]
Event: 2.660 Thread 0x00007f15403070a0 Exception <a 'sun/nio/fs/UnixException'{0x00000000eaedf150}> (0x00000000eaedf150) 
thrown [src/hotspot/share/prims/jni.cpp, line 516]
Event: 2.661 Thread 0x00007f15403070a0 Exception <a 'sun/nio/fs/UnixException'{0x00000000eaee3c40}> (0x00000000eaee3c40) 
thrown [src/hotspot/share/prims/jni.cpp, line 516]
Event: 2.661 Thread 0x00007f15403070a0 Exception <a 'sun/nio/fs/UnixException'{0x00000000eaee4df8}> (0x00000000eaee4df8) 
thrown [src/hotspot/share/prims/jni.cpp, line 516]
Event: 2.661 Thread 0x00007f15403070a0 Exception <a 'sun/nio/fs/UnixException'{0x00000000eaee52a8}> (0x00000000eaee52a8) 
thrown [src/hotspot/share/prims/jni.cpp, line 516]
Event: 2.662 Thread 0x00007f15403070a0 Exception <a 'java/io/FileNotFoundException'{0x00000000eaeea638}> (0x00000000eaeea638) 
thrown [src/hotspot/share/prims/jni.cpp, line 516]
Event: 2.667 Thread 0x00007f15403070a0 Exception <a 'sun/nio/fs/UnixException'{0x00000000eaf32490}> (0x00000000eaf32490) 
thrown [src/hotspot/share/prims/jni.cpp, line 516]
Event: 2.676 Thread 0x00007f15403070a0 Exception <a 'java/io/FileNotFoundException'{0x00000000eaf9e440}> (0x00000000eaf9e440) 
thrown [src/hotspot/share/prims/jni.cpp, line 516]
Event: 2.677 Thread 0x00007f15403070a0 Exception <a 'java/io/FileNotFoundException'{0x00000000eafac118}> (0x00000000eafac118) 
thrown [src/hotspot/share/prims/jni.cpp, line 516]
Event: 2.677 Thread 0x00007f15403070a0 Exception <a 'java/io/FileNotFoundException'{0x00000000eafad5d8}> (0x00000000eafad5d8) 
thrown [src/hotspot/share/prims/jni.cpp, line 516]
Event: 2.679 Thread 0x00007f15403070a0 Exception <a 'sun/nio/fs/UnixException'{0x00000000eafb7660}> (0x00000000eafb7660) 
thrown [src/hotspot/share/prims/jni.cpp, line 516]
Event: 2.708 Thread 0x00007f15403070a0 Exception <a 'java/lang/NoSuchMethodError'{0x00000000eb1b9868}: 'java.lang.Object java.lang.invoke.Invokers$Holder.invoke_MT(java.lang.Object, java.lang.Object, java.lang.Object)'> (0x00000000eb1b9868) 
thrown [src/hotspot/share/interpreter/linkResolver.cpp, line 758]
Event: 2.880 Thread 0x00007f15403070a0 Exception <a 'java/io/FileNotFoundException'{0x00000000eb1517f8}> (0x00000000eb1517f8) 
thrown [src/hotspot/share/prims/jni.cpp, line 516]
Event: 2.881 Thread 0x00007f15403070a0 Exception <a 'java/lang/NoSuchMethodError'{0x00000000eb15da80}: 'void java.lang.invoke.DirectMethodHandle$Holder.invokeStaticInit(java.lang.Object, java.lang.Object, java.lang.Object)'> (0x00000000eb15da80) 
thrown [src/hotspot/share/interpreter/linkResolver.cpp, line 758]

VM Operations (20 events):
Event: 2.563 Executing VM operation: HandshakeAllThreads
Event: 2.563 Executing VM operation: HandshakeAllThreads done
Event: 2.565 Executing VM operation: ICBufferFull
Event: 2.566 Executing VM operation: ICBufferFull done
Event: 2.600 Executing VM operation: ParallelGCFailedAllocation
Event: 2.602 Executing VM operation: ParallelGCFailedAllocation done
Event: 2.691 Executing VM operation: HandshakeAllThreads
Event: 2.691 Executing VM operation: HandshakeAllThreads done
Event: 2.694 Executing VM operation: HandshakeAllThreads
Event: 2.694 Executing VM operation: HandshakeAllThreads done
Event: 2.699 Executing VM operation: HandshakeAllThreads
Event: 2.699 Executing VM operation: HandshakeAllThreads done
Event: 2.700 Executing VM operation: HandshakeAllThreads
Event: 2.700 Executing VM operation: HandshakeAllThreads done
Event: 2.721 Executing VM operation: HandshakeAllThreads
Event: 2.721 Executing VM operation: HandshakeAllThreads done
Event: 2.849 Executing VM operation: ParallelGCFailedAllocation
Event: 2.852 Executing VM operation: ParallelGCFailedAllocation done
Event: 2.918 Executing VM operation: ParallelGCFailedAllocation
Event: 2.920 Executing VM operation: ParallelGCFailedAllocation done

Events (20 events):
Event: 2.750 loading class java/nio/file/FileTreeWalker$Event
Event: 2.750 loading class java/nio/file/FileTreeWalker$Event done
Event: 2.750 loading class java/nio/file/FileTreeWalker$EventType
Event: 2.750 loading class java/nio/file/FileTreeWalker$EventType done
Event: 2.750 loading class java/nio/file/Files$3
Event: 2.751 loading class java/nio/file/Files$3 done
Event: 2.751 loading class java/nio/file/FileVisitResult
Event: 2.751 loading class java/nio/file/FileVisitResult done
Event: 2.751 loading class sun/nio/fs/BasicFileAttributesHolder
Event: 2.751 loading class sun/nio/fs/BasicFileAttributesHolder done
Event: 2.788 loading class java/util/regex/Pattern$BackRef
Event: 2.788 loading class java/util/regex/Pattern$BackRef done
Event: 2.793 loading class java/lang/ThreadLocal$SuppliedThreadLocal
Event: 2.793 loading class java/lang/ThreadLocal$SuppliedThreadLocal done
Event: 2.806 loading class java/nio/channels/Channels$ReadableByteChannelImpl
Event: 2.806 loading class java/nio/channels/Channels$ReadableByteChannelImpl done
Event: 2.806 loading class java/nio/channels/NonWritableChannelException
Event: 2.806 loading class java/nio/channels/NonWritableChannelException done
Event: 2.806 loading class sun/nio/ch/ChannelInputStream
Event: 2.807 loading class sun/nio/ch/ChannelInputStream done


Dynamic libraries:
c0000000-c4300000 rw-p 00000000 00:00 0 
c4300000-eab00000 ---p 00000000 00:00 0 
eab00000-ec580000 rw-p 00000000 00:00 0 
ec580000-100000000 ---p 00000000 00:00 0 
100000000-100020000 rw-p 00000000 00:00 0 
100020000-100040000 rw-p 00000000 00:00 0 
100040000-1000c0000 rw-p 00000000 00:00 0 
1000c0000-1000e0000 rw-p 00000000 00:00 0 
1000e0000-100140000 rw-p 00000000 00:00 0 
100140000-100180000 rw-p 00000000 00:00 0 
100180000-1001c0000 rw-p 00000000 00:00 0 
1001c0000-100200000 rw-p 00000000 00:00 0 
100200000-100340000 rw-p 00000000 00:00 0 
100340000-100380000 rw-p 00000000 00:00 0 
100380000-100520000 rw-p 00000000 00:00 0 
100520000-140000000 ---p 00000000 00:00 0 
55769961b000-55769961c000 r--p 00000000 103:06 294189                    /home/helloworld/.vscode/extensions/redhat.java-1.13.0-linux-x64/jre/17.0.5-linux-x86_64/bin/java
55769961c000-55769961d000 r-xp 00001000 103:06 294189                    /home/helloworld/.vscode/extensions/redhat.java-1.13.0-linux-x64/jre/17.0.5-linux-x86_64/bin/java
55769961d000-55769961e000 r--p 00002000 103:06 294189                    /home/helloworld/.vscode/extensions/redhat.java-1.13.0-linux-x64/jre/17.0.5-linux-x86_64/bin/java
55769961e000-55769961f000 r--p 00002000 103:06 294189                    /home/helloworld/.vscode/extensions/redhat.java-1.13.0-linux-x64/jre/17.0.5-linux-x86_64/bin/java
55769961f000-557699620000 rw-p 00003000 103:06 294189                    /home/helloworld/.vscode/extensions/redhat.java-1.13.0-linux-x64/jre/17.0.5-linux-x86_64/bin/java
5576996e4000-55769972c000 rw-p 00000000 00:00 0                          [heap]
7f150447b000-7f150c000000 r--s 00000000 103:06 575833                    /home/helloworld/.sdkman/candidates/java/17.0.4.1-tem/lib/modules
7f150c000000-7f150c04a000 rw-p 00000000 00:00 0 
7f150c04a000-7f1510000000 ---p 00000000 00:00 0 
7f1514000000-7f1514021000 rw-p 00000000 00:00 0 
7f1514021000-7f1518000000 ---p 00000000 00:00 0 
7f1518000000-7f15180d5000 rw-p 00000000 00:00 0 
7f15180d5000-7f151c000000 ---p 00000000 00:00 0 
7f151c000000-7f151c0e7000 rw-p 00000000 00:00 0 
7f151c0e7000-7f1520000000 ---p 00000000 00:00 0 
7f1520000000-7f1520021000 rw-p 00000000 00:00 0 
7f1520021000-7f1524000000 ---p 00000000 00:00 0 
7f1524000000-7f1524021000 rw-p 00000000 00:00 0 
7f1524021000-7f1528000000 ---p 00000000 00:00 0 
7f1528000000-7f152833c000 rw-p 00000000 00:00 0 
7f152833c000-7f152c000000 ---p 00000000 00:00 0 
7f152c000000-7f152c021000 rw-p 00000000 00:00 0 
7f152c021000-7f1530000000 ---p 00000000 00:00 0 
7f1530000000-7f1530021000 rw-p 00000000 00:00 0 
7f1530021000-7f1534000000 ---p 00000000 00:00 0 
7f1535800000-7f1535850000 rw-p 00000000 00:00 0 
7f1535850000-7f1536000000 ---p 00000000 00:00 0 
7f1536000000-7f1536780000 rw-p 00000000 00:00 0 
7f1536780000-7f15367a0000 rw-p 00000000 00:00 0 
7f15367a0000-7f1536800000 ---p 00000000 00:00 0 
7f1536b26000-7f1536b2a000 ---p 00000000 00:00 0 
7f1536b2a000-7f1536c26000 rw-p 00000000 00:00 0 
7f1536c26000-7f1536c2a000 ---p 00000000 00:00 0 
7f1536c2a000-7f1536d26000 rw-p 00000000 00:00 0 
7f1536e00000-7f1536e04000 ---p 00000000 00:00 0 
7f1536e04000-7f1536f00000 rw-p 00000000 00:00 0 
7f1536f00000-7f1536f04000 ---p 00000000 00:00 0 
7f1536f04000-7f1537300000 rw-p 00000000 00:00 0 
7f1537300000-7f1537400000 rw-p 00000000 00:00 0 
7f1537400000-7f1537780000 rw-p 00000000 00:00 0 
7f1537780000-7f1537800000 rw-p 00000000 00:00 0 
7f1537800000-7f1537b00000 rw-p 00000000 00:00 0 
7f1537b00000-7f1537c00000 rw-p 00000000 00:00 0 
7f1537c00000-7f1538000000 rw-p 00000000 00:00 0 
7f1538000000-7f1538021000 rw-p 00000000 00:00 0 
7f1538021000-7f153c000000 ---p 00000000 00:00 0 
7f153c000000-7f153c021000 rw-p 00000000 00:00 0 
7f153c021000-7f1540000000 ---p 00000000 00:00 0 
7f1540000000-7f1540ab4000 rw-p 00000000 00:00 0 
7f1540ab4000-7f1544000000 ---p 00000000 00:00 0 
7f1544000000-7f1544021000 rw-p 00000000 00:00 0 
7f1544021000-7f1548000000 ---p 00000000 00:00 0 
7f1548000000-7f1548021000 rw-p 00000000 00:00 0 
7f1548021000-7f154c000000 ---p 00000000 00:00 0 
7f154c000000-7f154c021000 rw-p 00000000 00:00 0 
7f154c021000-7f1550000000 ---p 00000000 00:00 0 
7f1550000000-7f1550021000 rw-p 00000000 00:00 0 
7f1550021000-7f1554000000 ---p 00000000 00:00 0 
7f1554000000-7f1554021000 rw-p 00000000 00:00 0 
7f1554021000-7f1558000000 ---p 00000000 00:00 0 
7f1558000000-7f1558021000 rw-p 00000000 00:00 0 
7f1558021000-7f155c000000 ---p 00000000 00:00 0 
7f155c000000-7f155c021000 rw-p 00000000 00:00 0 
7f155c021000-7f1560000000 ---p 00000000 00:00 0 
7f1560000000-7f1560021000 rw-p 00000000 00:00 0 
7f1560021000-7f1564000000 ---p 00000000 00:00 0 
7f1564000000-7f1564021000 rw-p 00000000 00:00 0 
7f1564021000-7f1568000000 ---p 00000000 00:00 0 
7f1568000000-7f1568021000 rw-p 00000000 00:00 0 
7f1568021000-7f156c000000 ---p 00000000 00:00 0 
7f156c000000-7f156c021000 rw-p 00000000 00:00 0 
7f156c021000-7f1570000000 ---p 00000000 00:00 0 
7f1570000000-7f1570021000 rw-p 00000000 00:00 0 
7f1570021000-7f1574000000 ---p 00000000 00:00 0 
7f1574000000-7f1574021000 rw-p 00000000 00:00 0 
7f1574021000-7f1578000000 ---p 00000000 00:00 0 
7f1578000000-7f1578bbd000 rw-p 00000000 00:00 0 
7f1578bbd000-7f157c000000 ---p 00000000 00:00 0 
7f157c000000-7f157c021000 rw-p 00000000 00:00 0 
7f157c021000-7f1580000000 ---p 00000000 00:00 0 
7f1580000000-7f1580021000 rw-p 00000000 00:00 0 
7f1580021000-7f1584000000 ---p 00000000 00:00 0 
7f1584000000-7f1585375000 rw-p 00000000 00:00 0 
7f1585375000-7f1588000000 ---p 00000000 00:00 0 
7f1588000000-7f1588021000 rw-p 00000000 00:00 0 
7f1588021000-7f158c000000 ---p 00000000 00:00 0 
7f158c000000-7f158c021000 rw-p 00000000 00:00 0 
7f158c021000-7f1590000000 ---p 00000000 00:00 0 
7f1590000000-7f1590021000 rw-p 00000000 00:00 0 
7f1590021000-7f1594000000 ---p 00000000 00:00 0 
7f1594000000-7f1594021000 rw-p 00000000 00:00 0 
7f1594021000-7f1598000000 ---p 00000000 00:00 0 
7f1598000000-7f1598021000 rw-p 00000000 00:00 0 
7f1598021000-7f159c000000 ---p 00000000 00:00 0 
7f159c0fa000-7f159c0fe000 ---p 00000000 00:00 0 
7f159c0fe000-7f159c1fa000 rw-p 00000000 00:00 0 
7f159c1fa000-7f159c1fe000 ---p 00000000 00:00 0 
7f159c1fe000-7f159c2fa000 rw-p 00000000 00:00 0 
7f159c2fa000-7f159c2fb000 ---p 00000000 00:00 0 
7f159c2fb000-7f159c3fc000 rw-p 00000000 00:00 0 
7f159c3fc000-7f159c400000 ---p 00000000 00:00 0 
7f159c400000-7f159c4fc000 rw-p 00000000 00:00 0 
7f159c4fc000-7f159c500000 ---p 00000000 00:00 0 
7f159c500000-7f159c5fc000 rw-p 00000000 00:00 0 
7f159c5fc000-7f159c5fd000 ---p 00000000 00:00 0 
7f159c5fd000-7f159c6fe000 rw-p 00000000 00:00 0 
7f159c6fe000-7f159c6ff000 ---p 00000000 00:00 0 
7f159c6ff000-7f159c800000 rw-p 00000000 00:00 0 
7f159c800000-7f159c810000 r-xp 00000000 103:06 745267                    /home/helloworld/.config/Code/User/globalStorage/redhat.java/1.13.0/config_linux/org.eclipse.equinox.launcher/org.eclipse.equinox.launcher.gtk.linux.x86_64_1.2.600.v20220720-1916/eclipse_11701.so
7f159c810000-7f159ca0f000 ---p 00010000 103:06 745267                    /home/helloworld/.config/Code/User/globalStorage/redhat.java/1.13.0/config_linux/org.eclipse.equinox.launcher/org.eclipse.equinox.launcher.gtk.linux.x86_64_1.2.600.v20220720-1916/eclipse_11701.so
7f159ca0f000-7f159ca10000 r--p 0000f000 103:06 745267                    /home/helloworld/.config/Code/User/globalStorage/redhat.java/1.13.0/config_linux/org.eclipse.equinox.launcher/org.eclipse.equinox.launcher.gtk.linux.x86_64_1.2.600.v20220720-1916/eclipse_11701.so
7f159ca10000-7f159ca11000 rw-p 00010000 103:06 745267                    /home/helloworld/.config/Code/User/globalStorage/redhat.java/1.13.0/config_linux/org.eclipse.equinox.launcher/org.eclipse.equinox.launcher.gtk.linux.x86_64_1.2.600.v20220720-1916/eclipse_11701.so
7f159ca11000-7f159ca12000 rw-p 00000000 00:00 0 
7f159caf6000-7f159cafa000 ---p 00000000 00:00 0 
7f159cafa000-7f159cbf6000 rw-p 00000000 00:00 0 
7f159cbf6000-7f159cbfa000 ---p 00000000 00:00 0 
7f159cbfa000-7f159ccf6000 rw-p 00000000 00:00 0 
7f159ccf6000-7f159ccfa000 ---p 00000000 00:00 0 
7f159ccfa000-7f159cdf6000 rw-p 00000000 00:00 0 
7f159cdf6000-7f159cdfa000 ---p 00000000 00:00 0 
7f159cdfa000-7f159cef6000 rw-p 00000000 00:00 0 
7f159cef6000-7f159cef7000 ---p 00000000 00:00 0 
7f159cef7000-7f159cff8000 rw-p 00000000 00:00 0 
7f159cff8000-7f159cff9000 ---p 00000000 00:00 0 
7f159cff9000-7f159d0fa000 rw-p 00000000 00:00 0 
7f159d0fa000-7f159d0fb000 ---p 00000000 00:00 0 
7f159d0fb000-7f159d1fc000 rw-p 00000000 00:00 0 
7f159d1fc000-7f159d1fd000 ---p 00000000 00:00 0 
7f159d1fd000-7f159d2fe000 rw-p 00000000 00:00 0 
7f159d2fe000-7f159d2ff000 ---p 00000000 00:00 0 
7f159d2ff000-7f159d500000 rw-p 00000000 00:00 0 
7f159d500000-7f159d780000 rw-p 00000000 00:00 0 
7f159d780000-7f159d800000 rw-p 00000000 00:00 0 
7f159d800000-7f159d980000 rw-p 00000000 00:00 0 
7f159d980000-7f159db00000 rw-p 00000000 00:00 0 
7f159db00000-7f159dc00000 rw-p 00000000 00:00 0 
7f159dc76000-7f159dc77000 ---p 00000000 00:00 0 
7f159dc77000-7f159dd78000 rw-p 00000000 00:00 0 
7f159dd78000-7f159dd79000 ---p 00000000 00:00 0 
7f159dd79000-7f159de7a000 rw-p 00000000 00:00 0 
7f159de7a000-7f159de7e000 ---p 00000000 00:00 0 
7f159de7e000-7f159df7a000 rw-p 00000000 00:00 0 
7f159df7a000-7f159df7e000 ---p 00000000 00:00 0 
7f159df7e000-7f159e07a000 rw-p 00000000 00:00 0 
7f159e07a000-7f159e07e000 ---p 00000000 00:00 0 
7f159e07e000-7f159e17a000 rw-p 00000000 00:00 0 
7f159e17a000-7f159e17e000 ---p 00000000 00:00 0 
7f159e17e000-7f159e27a000 rw-p 00000000 00:00 0 
7f159e27a000-7f159e27e000 ---p 00000000 00:00 0 
7f159e27e000-7f159e37a000 rw-p 00000000 00:00 0 
7f159e37a000-7f159e37e000 ---p 00000000 00:00 0 
7f159e37e000-7f159e47a000 rw-p 00000000 00:00 0 
7f159e47a000-7f159e47e000 ---p 00000000 00:00 0 
7f159e47e000-7f159e57a000 rw-p 00000000 00:00 0 
7f159e57a000-7f159e57e000 ---p 00000000 00:00 0 
7f159e57e000-7f159e67a000 rw-p 00000000 00:00 0 
7f159e67a000-7f159ebed000 r--p 00000000 103:07 8914380                   /usr/lib/locale/locale-archive
7f159ebed000-7f159ebf1000 ---p 00000000 00:00 0 
7f159ebf1000-7f159eced000 rw-p 00000000 00:00 0 
7f159eced000-7f159ecf1000 ---p 00000000 00:00 0 
7f159ecf1000-7f159eded000 rw-p 00000000 00:00 0 
7f159eded000-7f159edee000 ---p 00000000 00:00 0 
7f159edee000-7f15a0000000 rw-p 00000000 00:00 0 
7f15a0000000-7f15a0021000 rw-p 00000000 00:00 0 
7f15a0021000-7f15a4000000 ---p 00000000 00:00 0 
7f15a40eb000-7f15a63ee000 rw-p 00000000 00:00 0 
7f15a63ee000-7f15a665e000 rwxp 00000000 00:00 0 
7f15a665e000-7f15a6980000 ---p 00000000 00:00 0 
7f15a6980000-7f15a71b0000 rwxp 00000000 00:00 0 
7f15a71b0000-7f15adeb7000 ---p 00000000 00:00 0 
7f15adeb7000-7f15ae127000 rwxp 00000000 00:00 0 
7f15ae127000-7f15b53ee000 ---p 00000000 00:00 0 
7f15b53ee000-7f15b8000000 r--s 00000000 103:06 294362                    /home/helloworld/.vscode/extensions/redhat.java-1.13.0-linux-x64/jre/17.0.5-linux-x86_64/lib/modules
7f15b8000000-7f15b8860000 rw-p 00000000 00:00 0 
7f15b8860000-7f15bc000000 ---p 00000000 00:00 0 
7f15bc0a4000-7f15bc0ab000 r--s 00000000 103:07 9615034                   /usr/lib/x86_64-linux-gnu/gconv/gconv-modules.cache
7f15bc0ab000-7f15bc0ad000 r--p 00000000 103:06 294335                    /home/helloworld/.vscode/extensions/redhat.java-1.13.0-linux-x64/jre/17.0.5-linux-x86_64/lib/libmanagement_ext.so
7f15bc0ad000-7f15bc0b0000 r-xp 00002000 103:06 294335                    /home/helloworld/.vscode/extensions/redhat.java-1.13.0-linux-x64/jre/17.0.5-linux-x86_64/lib/libmanagement_ext.so
7f15bc0b0000-7f15bc0b1000 r--p 00005000 103:06 294335                    /home/helloworld/.vscode/extensions/redhat.java-1.13.0-linux-x64/jre/17.0.5-linux-x86_64/lib/libmanagement_ext.so
7f15bc0b1000-7f15bc0b2000 ---p 00006000 103:06 294335                    /home/helloworld/.vscode/extensions/redhat.java-1.13.0-linux-x64/jre/17.0.5-linux-x86_64/lib/libmanagement_ext.so
7f15bc0b2000-7f15bc0b3000 r--p 00006000 103:06 294335                    /home/helloworld/.vscode/extensions/redhat.java-1.13.0-linux-x64/jre/17.0.5-linux-x86_64/lib/libmanagement_ext.so
7f15bc0b3000-7f15bc0b4000 rw-p 00007000 103:06 294335                    /home/helloworld/.vscode/extensions/redhat.java-1.13.0-linux-x64/jre/17.0.5-linux-x86_64/lib/libmanagement_ext.so
7f15bc0b4000-7f15bc0b7000 r--p 00000000 103:06 294336                    /home/helloworld/.vscode/extensions/redhat.java-1.13.0-linux-x64/jre/17.0.5-linux-x86_64/lib/libmanagement.so
7f15bc0b7000-7f15bc0b8000 r-xp 00003000 103:06 294336                    /home/helloworld/.vscode/extensions/redhat.java-1.13.0-linux-x64/jre/17.0.5-linux-x86_64/lib/libmanagement.so
7f15bc0b8000-7f15bc0b9000 r--p 00004000 103:06 294336                    /home/helloworld/.vscode/extensions/redhat.java-1.13.0-linux-x64/jre/17.0.5-linux-x86_64/lib/libmanagement.so
7f15bc0b9000-7f15bc0ba000 r--p 00004000 103:06 294336                    /home/helloworld/.vscode/extensions/redhat.java-1.13.0-linux-x64/jre/17.0.5-linux-x86_64/lib/libmanagement.so
7f15bc0ba000-7f15bc0bb000 rw-p 00005000 103:06 294336                    /home/helloworld/.vscode/extensions/redhat.java-1.13.0-linux-x64/jre/17.0.5-linux-x86_64/lib/libmanagement.so
7f15bc0bb000-7f15bc0bf000 ---p 00000000 00:00 0 
7f15bc0bf000-7f15bc0dd000 rw-p 00000000 00:00 0 
7f15bc0dd000-7f15bc0e1000 r--p 00000000 103:06 294338                    /home/helloworld/.vscode/extensions/redhat.java-1.13.0-linux-x64/jre/17.0.5-linux-x86_64/lib/libnet.so
7f15bc0e1000-7f15bc0ef000 r-xp 00004000 103:06 294338                    /home/helloworld/.vscode/extensions/redhat.java-1.13.0-linux-x64/jre/17.0.5-linux-x86_64/lib/libnet.so
7f15bc0ef000-7f15bc0f3000 r--p 00012000 103:06 294338                    /home/helloworld/.vscode/extensions/redhat.java-1.13.0-linux-x64/jre/17.0.5-linux-x86_64/lib/libnet.so
7f15bc0f3000-7f15bc0f4000 r--p 00015000 103:06 294338                    /home/helloworld/.vscode/extensions/redhat.java-1.13.0-linux-x64/jre/17.0.5-linux-x86_64/lib/libnet.so
7f15bc0f4000-7f15bc0f5000 rw-p 00016000 103:06 294338                    /home/helloworld/.vscode/extensions/redhat.java-1.13.0-linux-x64/jre/17.0.5-linux-x86_64/lib/libnet.so
7f15bc0f5000-7f15bd000000 rw-p 00000000 00:00 0 
7f15bd000000-7f15bd080000 rw-p 00000000 00:00 0 
7f15bd080000-7f15bd100000 rw-p 00000000 00:00 0 
7f15bd100000-7f15bd400000 rw-p 00000000 00:00 0 
7f15bd405000-7f15bd409000 r--p 00000000 103:06 294352                    /home/helloworld/.vscode/extensions/redhat.java-1.13.0-linux-x64/jre/17.0.5-linux-x86_64/lib/libverify.so
7f15bd409000-7f15bd410000 r-xp 00004000 103:06 294352                    /home/helloworld/.vscode/extensions/redhat.java-1.13.0-linux-x64/jre/17.0.5-linux-x86_64/lib/libverify.so
7f15bd410000-7f15bd412000 r--p 0000b000 103:06 294352                    /home/helloworld/.vscode/extensions/redhat.java-1.13.0-linux-x64/jre/17.0.5-linux-x86_64/lib/libverify.so
7f15bd412000-7f15bd414000 r--p 0000c000 103:06 294352                    /home/helloworld/.vscode/extensions/redhat.java-1.13.0-linux-x64/jre/17.0.5-linux-x86_64/lib/libverify.so
7f15bd414000-7f15bd415000 rw-p 0000e000 103:06 294352                    /home/helloworld/.vscode/extensions/redhat.java-1.13.0-linux-x64/jre/17.0.5-linux-x86_64/lib/libverify.so
7f15bd415000-7f15bd41c000 r--p 00000000 103:06 294340                    /home/helloworld/.vscode/extensions/redhat.java-1.13.0-linux-x64/jre/17.0.5-linux-x86_64/lib/libnio.so
7f15bd41c000-7f15bd425000 r-xp 00007000 103:06 294340                    /home/helloworld/.vscode/extensions/redhat.java-1.13.0-linux-x64/jre/17.0.5-linux-x86_64/lib/libnio.so
7f15bd425000-7f15bd429000 r--p 00010000 103:06 294340                    /home/helloworld/.vscode/extensions/redhat.java-1.13.0-linux-x64/jre/17.0.5-linux-x86_64/lib/libnio.so
7f15bd429000-7f15bd42a000 ---p 00014000 103:06 294340                    /home/helloworld/.vscode/extensions/redhat.java-1.13.0-linux-x64/jre/17.0.5-linux-x86_64/lib/libnio.so
7f15bd42a000-7f15bd42b000 r--p 00014000 103:06 294340                    /home/helloworld/.vscode/extensions/redhat.java-1.13.0-linux-x64/jre/17.0.5-linux-x86_64/lib/libnio.so
7f15bd42b000-7f15bd42c000 rw-p 00015000 103:06 294340                    /home/helloworld/.vscode/extensions/redhat.java-1.13.0-linux-x64/jre/17.0.5-linux-x86_64/lib/libnio.so
7f15bd42c000-7f15bd62e000 rw-p 00000000 00:00 0 
7f15bd62e000-7f15bd630000 r--p 00000000 103:06 294356                    /home/helloworld/.vscode/extensions/redhat.java-1.13.0-linux-x64/jre/17.0.5-linux-x86_64/lib/libzip.so
7f15bd630000-7f15bd634000 r-xp 00002000 103:06 294356                    /home/helloworld/.vscode/extensions/redhat.java-1.13.0-linux-x64/jre/17.0.5-linux-x86_64/lib/libzip.so
7f15bd634000-7f15bd636000 r--p 00006000 103:06 294356                    /home/helloworld/.vscode/extensions/redhat.java-1.13.0-linux-x64/jre/17.0.5-linux-x86_64/lib/libzip.so
7f15bd636000-7f15bd637000 r--p 00007000 103:06 294356                    /home/helloworld/.vscode/extensions/redhat.java-1.13.0-linux-x64/jre/17.0.5-linux-x86_64/lib/libzip.so
7f15bd637000-7f15bd638000 rw-p 00008000 103:06 294356                    /home/helloworld/.vscode/extensions/redhat.java-1.13.0-linux-x64/jre/17.0.5-linux-x86_64/lib/libzip.so
7f15bd638000-7f15bd98b000 rw-p 00000000 00:00 0 
7f15bd98b000-7f15bdabf000 ---p 00000000 00:00 0 
7f15bdabf000-7f15bdac0000 ---p 00000000 00:00 0 
7f15bdac0000-7f15bdbe3000 rw-p 00000000 00:00 0 
7f15bdbe3000-7f15bdd16000 ---p 00000000 00:00 0 
7f15bdd16000-7f15bdd24000 rw-p 00000000 00:00 0 
7f15bdd24000-7f15bddc1000 ---p 00000000 00:00 0 
7f15bddc1000-7f15bddc7000 rw-p 00000000 00:00 0 
7f15bddc7000-7f15bdead000 ---p 00000000 00:00 0 
7f15bdead000-7f15bdebe000 rw-p 00000000 00:00 0 
7f15bdebe000-7f15bdf98000 ---p 00000000 00:00 0 
7f15bdf98000-7f15bdf9d000 rw-p 00000000 00:00 0 
7f15bdf9d000-7f15bdfa4000 ---p 00000000 00:00 0 
7f15bdfa4000-7f15bdfb1000 r--p 00000000 103:06 294308                    /home/helloworld/.vscode/extensions/redhat.java-1.13.0-linux-x64/jre/17.0.5-linux-x86_64/lib/libjava.so
7f15bdfb1000-7f15bdfc3000 r-xp 0000d000 103:06 294308                    /home/helloworld/.vscode/extensions/redhat.java-1.13.0-linux-x64/jre/17.0.5-linux-x86_64/lib/libjava.so
7f15bdfc3000-7f15bdfc9000 r--p 0001f000 103:06 294308                    /home/helloworld/.vscode/extensions/redhat.java-1.13.0-linux-x64/jre/17.0.5-linux-x86_64/lib/libjava.so
7f15bdfc9000-7f15bdfca000 ---p 00025000 103:06 294308                    /home/helloworld/.vscode/extensions/redhat.java-1.13.0-linux-x64/jre/17.0.5-linux-x86_64/lib/libjava.so
7f15bdfca000-7f15bdfcb000 r--p 00025000 103:06 294308                    /home/helloworld/.vscode/extensions/redhat.java-1.13.0-linux-x64/jre/17.0.5-linux-x86_64/lib/libjava.so
7f15bdfcb000-7f15bdfcc000 rw-p 00026000 103:06 294308                    /home/helloworld/.vscode/extensions/redhat.java-1.13.0-linux-x64/jre/17.0.5-linux-x86_64/lib/libjava.so
7f15bdfcc000-7f15bdfcd000 rw-p 00000000 00:00 0 
7f15bdfcd000-7f15bdfd1000 r--p 00000000 103:06 294320                    /home/helloworld/.vscode/extensions/redhat.java-1.13.0-linux-x64/jre/17.0.5-linux-x86_64/lib/libjimage.so
7f15bdfd1000-7f15bdfe4000 r-xp 00004000 103:06 294320                    /home/helloworld/.vscode/extensions/redhat.java-1.13.0-linux-x64/jre/17.0.5-linux-x86_64/lib/libjimage.so
7f15bdfe4000-7f15bdfea000 r--p 00017000 103:06 294320                    /home/helloworld/.vscode/extensions/redhat.java-1.13.0-linux-x64/jre/17.0.5-linux-x86_64/lib/libjimage.so
7f15bdfea000-7f15bdfec000 r--p 0001c000 103:06 294320                    /home/helloworld/.vscode/extensions/redhat.java-1.13.0-linux-x64/jre/17.0.5-linux-x86_64/lib/libjimage.so
7f15bdfec000-7f15bdfed000 rw-p 0001e000 103:06 294320                    /home/helloworld/.vscode/extensions/redhat.java-1.13.0-linux-x64/jre/17.0.5-linux-x86_64/lib/libjimage.so
7f15bdfed000-7f15bdff1000 ---p 00000000 00:00 0 
7f15bdff1000-7f15be0ed000 rw-p 00000000 00:00 0 
7f15be0ed000-7f15be0fb000 r--p 00000000 103:07 8917582                   /usr/lib/x86_64-linux-gnu/libm.so.6
7f15be0fb000-7f15be177000 r-xp 0000e000 103:07 8917582                   /usr/lib/x86_64-linux-gnu/libm.so.6
7f15be177000-7f15be1d2000 r--p 0008a000 103:07 8917582                   /usr/lib/x86_64-linux-gnu/libm.so.6
7f15be1d2000-7f15be1d3000 r--p 000e4000 103:07 8917582                   /usr/lib/x86_64-linux-gnu/libm.so.6
7f15be1d3000-7f15be1d4000 rw-p 000e5000 103:07 8917582                   /usr/lib/x86_64-linux-gnu/libm.so.6
7f15be1d4000-7f15be1d5000 r--p 00000000 103:07 8917593                   /usr/lib/x86_64-linux-gnu/librt.so.1
7f15be1d5000-7f15be1d6000 r-xp 00001000 103:07 8917593                   /usr/lib/x86_64-linux-gnu/librt.so.1
7f15be1d6000-7f15be1d7000 r--p 00002000 103:07 8917593                   /usr/lib/x86_64-linux-gnu/librt.so.1
7f15be1d7000-7f15be1d8000 r--p 00002000 103:07 8917593                   /usr/lib/x86_64-linux-gnu/librt.so.1
7f15be1d8000-7f15be1d9000 rw-p 00003000 103:07 8917593                   /usr/lib/x86_64-linux-gnu/librt.so.1
7f15be1d9000-7f15be42b000 r--p 00000000 103:06 294385                    /home/helloworld/.vscode/extensions/redhat.java-1.13.0-linux-x64/jre/17.0.5-linux-x86_64/lib/server/libjvm.so
7f15be42b000-7f15bf144000 r-xp 00252000 103:06 294385                    /home/helloworld/.vscode/extensions/redhat.java-1.13.0-linux-x64/jre/17.0.5-linux-x86_64/lib/server/libjvm.so
7f15bf144000-7f15bf3cf000 r--p 00f6b000 103:06 294385                    /home/helloworld/.vscode/extensions/redhat.java-1.13.0-linux-x64/jre/17.0.5-linux-x86_64/lib/server/libjvm.so
7f15bf3cf000-7f15bf3d0000 ---p 011f6000 103:06 294385                    /home/helloworld/.vscode/extensions/redhat.java-1.13.0-linux-x64/jre/17.0.5-linux-x86_64/lib/server/libjvm.so
7f15bf3d0000-7f15bf489000 r--p 011f6000 103:06 294385                    /home/helloworld/.vscode/extensions/redhat.java-1.13.0-linux-x64/jre/17.0.5-linux-x86_64/lib/server/libjvm.so
7f15bf489000-7f15bf4be000 rw-p 012af000 103:06 294385                    /home/helloworld/.vscode/extensions/redhat.java-1.13.0-linux-x64/jre/17.0.5-linux-x86_64/lib/server/libjvm.so
7f15bf4be000-7f15bf51c000 rw-p 00000000 00:00 0 
7f15bf51c000-7f15bf544000 r--p 00000000 103:07 8917579                   /usr/lib/x86_64-linux-gnu/libc.so.6
7f15bf544000-7f15bf6d9000 r-xp 00028000 103:07 8917579                   /usr/lib/x86_64-linux-gnu/libc.so.6
7f15bf6d9000-7f15bf731000 r--p 001bd000 103:07 8917579                   /usr/lib/x86_64-linux-gnu/libc.so.6
7f15bf731000-7f15bf735000 r--p 00214000 103:07 8917579                   /usr/lib/x86_64-linux-gnu/libc.so.6
7f15bf735000-7f15bf737000 rw-p 00218000 103:07 8917579                   /usr/lib/x86_64-linux-gnu/libc.so.6
7f15bf737000-7f15bf744000 rw-p 00000000 00:00 0 
7f15bf744000-7f15bf745000 r--p 00000000 103:07 8917581                   /usr/lib/x86_64-linux-gnu/libdl.so.2
7f15bf745000-7f15bf746000 r-xp 00001000 103:07 8917581                   /usr/lib/x86_64-linux-gnu/libdl.so.2
7f15bf746000-7f15bf747000 r--p 00002000 103:07 8917581                   /usr/lib/x86_64-linux-gnu/libdl.so.2
7f15bf747000-7f15bf748000 r--p 00002000 103:07 8917581                   /usr/lib/x86_64-linux-gnu/libdl.so.2
7f15bf748000-7f15bf749000 rw-p 00003000 103:07 8917581                   /usr/lib/x86_64-linux-gnu/libdl.so.2
7f15bf749000-7f15bf74a000 r--p 00000000 103:07 8917591                   /usr/lib/x86_64-linux-gnu/libpthread.so.0
7f15bf74a000-7f15bf74b000 r-xp 00001000 103:07 8917591                   /usr/lib/x86_64-linux-gnu/libpthread.so.0
7f15bf74b000-7f15bf74c000 r--p 00002000 103:07 8917591                   /usr/lib/x86_64-linux-gnu/libpthread.so.0
7f15bf74c000-7f15bf74d000 r--p 00002000 103:07 8917591                   /usr/lib/x86_64-linux-gnu/libpthread.so.0
7f15bf74d000-7f15bf74e000 rw-p 00003000 103:07 8917591                   /usr/lib/x86_64-linux-gnu/libpthread.so.0
7f15bf74e000-7f15bf751000 r--p 00000000 103:06 294325                    /home/helloworld/.vscode/extensions/redhat.java-1.13.0-linux-x64/jre/17.0.5-linux-x86_64/lib/libjli.so
7f15bf751000-7f15bf75b000 r-xp 00003000 103:06 294325                    /home/helloworld/.vscode/extensions/redhat.java-1.13.0-linux-x64/jre/17.0.5-linux-x86_64/lib/libjli.so
7f15bf75b000-7f15bf75e000 r--p 0000d000 103:06 294325                    /home/helloworld/.vscode/extensions/redhat.java-1.13.0-linux-x64/jre/17.0.5-linux-x86_64/lib/libjli.so
7f15bf75e000-7f15bf75f000 ---p 00010000 103:06 294325                    /home/helloworld/.vscode/extensions/redhat.java-1.13.0-linux-x64/jre/17.0.5-linux-x86_64/lib/libjli.so
7f15bf75f000-7f15bf760000 r--p 00010000 103:06 294325                    /home/helloworld/.vscode/extensions/redhat.java-1.13.0-linux-x64/jre/17.0.5-linux-x86_64/lib/libjli.so
7f15bf760000-7f15bf761000 rw-p 00011000 103:06 294325                    /home/helloworld/.vscode/extensions/redhat.java-1.13.0-linux-x64/jre/17.0.5-linux-x86_64/lib/libjli.so
7f15bf761000-7f15bf763000 r--p 00000000 103:07 8914009                   /usr/lib/x86_64-linux-gnu/libz.so.1.2.11
7f15bf763000-7f15bf774000 r-xp 00002000 103:07 8914009                   /usr/lib/x86_64-linux-gnu/libz.so.1.2.11
7f15bf774000-7f15bf77a000 r--p 00013000 103:07 8914009                   /usr/lib/x86_64-linux-gnu/libz.so.1.2.11
7f15bf77a000-7f15bf77b000 ---p 00019000 103:07 8914009                   /usr/lib/x86_64-linux-gnu/libz.so.1.2.11
7f15bf77b000-7f15bf77c000 r--p 00019000 103:07 8914009                   /usr/lib/x86_64-linux-gnu/libz.so.1.2.11
7f15bf77c000-7f15bf77d000 rw-p 0001a000 103:07 8914009                   /usr/lib/x86_64-linux-gnu/libz.so.1.2.11
7f15bf77f000-7f15bf787000 rw-s 00000000 103:07 3146245                   /tmp/hsperfdata_helloworld/1022657
7f15bf787000-7f15bf789000 r--p 00000000 103:06 294295                    /home/helloworld/.vscode/extensions/redhat.java-1.13.0-linux-x64/jre/17.0.5-linux-x86_64/lib/libinstrument.so
7f15bf789000-7f15bf78f000 r-xp 00002000 103:06 294295                    /home/helloworld/.vscode/extensions/redhat.java-1.13.0-linux-x64/jre/17.0.5-linux-x86_64/lib/libinstrument.so
7f15bf78f000-7f15bf792000 r--p 00008000 103:06 294295                    /home/helloworld/.vscode/extensions/redhat.java-1.13.0-linux-x64/jre/17.0.5-linux-x86_64/lib/libinstrument.so
7f15bf792000-7f15bf793000 r--p 0000a000 103:06 294295                    /home/helloworld/.vscode/extensions/redhat.java-1.13.0-linux-x64/jre/17.0.5-linux-x86_64/lib/libinstrument.so
7f15bf793000-7f15bf794000 rw-p 0000b000 103:06 294295                    /home/helloworld/.vscode/extensions/redhat.java-1.13.0-linux-x64/jre/17.0.5-linux-x86_64/lib/libinstrument.so
7f15bf794000-7f15bf795000 ---p 00000000 00:00 0 
7f15bf795000-7f15bf796000 r--p 00000000 00:00 0 
7f15bf796000-7f15bf798000 rw-p 00000000 00:00 0 
7f15bf798000-7f15bf79a000 r--p 00000000 103:07 8917576                   /usr/lib/x86_64-linux-gnu/ld-linux-x86-64.so.2
7f15bf79a000-7f15bf7c4000 r-xp 00002000 103:07 8917576                   /usr/lib/x86_64-linux-gnu/ld-linux-x86-64.so.2
7f15bf7c4000-7f15bf7cf000 r--p 0002c000 103:07 8917576                   /usr/lib/x86_64-linux-gnu/ld-linux-x86-64.so.2
7f15bf7cf000-7f15bf7d0000 ---p 00000000 00:00 0 
7f15bf7d0000-7f15bf7d2000 r--p 00037000 103:07 8917576                   /usr/lib/x86_64-linux-gnu/ld-linux-x86-64.so.2
7f15bf7d2000-7f15bf7d4000 rw-p 00039000 103:07 8917576                   /usr/lib/x86_64-linux-gnu/ld-linux-x86-64.so.2
7ffe6fec9000-7ffe6feeb000 rw-p 00000000 00:00 0                          [stack]
7ffe6ff2b000-7ffe6ff2f000 r--p 00000000 00:00 0                          [vvar]
7ffe6ff2f000-7ffe6ff31000 r-xp 00000000 00:00 0                          [vdso]
ffffffffff600000-ffffffffff601000 --xp 00000000 00:00 0                  [vsyscall]


VM Arguments:
jvm_args: --add-modules=ALL-SYSTEM --add-opens=java.base/java.util=ALL-UNNAMED --add-opens=java.base/java.lang=ALL-UNNAMED --add-opens=java.base/sun.nio.fs=ALL-UNNAMED -Declipse.application=org.eclipse.jdt.ls.core.id1 -Dosgi.bundles.defaultStartLevel=4 -Declipse.product=org.eclipse.jdt.ls.core.product -Djava.import.generatesMetadataFilesAtProjectRoot=false -Dfile.encoding=utf8 -XX:+UseParallelGC -XX:GCTimeRatio=4 -XX:AdaptiveSizePolicyWeight=90 -Dsun.zip.disableMemoryMapping=true -Xmx1G -Xms100m -Xlog:disable -javaagent:/home/helloworld/.vscode/extensions/redhat.java-1.13.0-linux-x64/lombok/lombok-1.18.24.jar -XX:+HeapDumpOnOutOfMemoryError -XX:HeapDumpPath=/home/helloworld/.config/Code/User/workspaceStorage/397242f4a49b870ca5f2ea536ca05f48/redhat.java 
java_command: /home/helloworld/.vscode/extensions/redhat.java-1.13.0-linux-x64/server/plugins/org.eclipse.equinox.launcher_1.6.400.v20210924-0641.jar -configuration /home/helloworld/.config/Code/User/globalStorage/redhat.java/1.13.0/config_linux -data /home/helloworld/.config/Code/User/workspaceStorage/397242f4a49b870ca5f2ea536ca05f48/redhat.java/jdt_ws
java_class_path (initial): /home/helloworld/.vscode/extensions/redhat.java-1.13.0-linux-x64/server/plugins/org.eclipse.equinox.launcher_1.6.400.v20210924-0641.jar
Launcher Type: SUN_STANDARD

[Global flags]

[error occurred during error reporting (printing flags), id 0xb, SIGSEGV (0xb) at pc=0x00007f15bf6b4ae2]

Logging:
Log output configuration:
 #0: stdout all=off uptime,level,tags
 #1: stderr all=off uptime,level,tags

Environment Variables:
JAVA_HOME=/home/helloworld/.sdkman/candidates/java/current
PATH=/home/helloworld/.sdkman/candidates/java/current/bin:/home/helloworld/.pyenv/bin:/home/helloworld/.nvm/versions/node/v16.13.1/bin:/home/helloworld/.pyenv/shims:/home/helloworld/.local/bin:/home/helloworld/bin:/home/helloworld/.pyenv/bin:/usr/local/sbin:/usr/local/bin:/usr/sbin:/usr/bin:/sbin:/bin:/usr/games:/usr/local/games:/snap/bin:/snap/bin:/home/helloworld/bin
USERNAME=helloworld
SHELL=/bin/bash
DISPLAY=:1
LANG=en_US.UTF-8
TERM=xterm-256color

Signal Handlers:
   SIGSEGV: crash_handler in libjvm.so, mask=11100100010111111101111111111110, flags=SA_RESTART|SA_SIGINFO
    SIGBUS: crash_handler in libjvm.so, mask=11100100010111111101111111111110, flags=SA_RESTART|SA_SIGINFO
    SIGFPE: crash_handler in libjvm.so, mask=11100100010111111101111111111110, flags=SA_RESTART|SA_SIGINFO
   SIGPIPE: javaSignalHandler in libjvm.so, mask=11100100010111111101111111111110, flags=SA_RESTART|SA_SIGINFO
   SIGXFSZ: javaSignalHandler in libjvm.so, mask=11100100010111111101111111111110, flags=SA_RESTART|SA_SIGINFO
    SIGILL: crash_handler in libjvm.so, mask=11100100010111111101111111111110, flags=SA_RESTART|SA_SIGINFO
   SIGUSR2: SR_handler in libjvm.so, mask=00000000000000000000000000000000, flags=SA_RESTART|SA_SIGINFO
    SIGHUP: UserHandler in libjvm.so, mask=11100100010111111101111111111110, flags=SA_RESTART|SA_SIGINFO
    SIGINT: UserHandler in libjvm.so, mask=11100100010111111101111111111110, flags=SA_RESTART|SA_SIGINFO
   SIGTERM: UserHandler in libjvm.so, mask=11100100010111111101111111111110, flags=SA_RESTART|SA_SIGINFO
   SIGQUIT: UserHandler in libjvm.so, mask=11100100010111111101111111111110, flags=SA_RESTART|SA_SIGINFO
  *** Handler was modified!
  *** Expected: javaSignalHandler in libjvm.so, mask=11100100110111111111111111111110, flags=SA_RESTART|SA_SIGINFO
   SIGTRAP: crash_handler in libjvm.so, mask=11100100010111111101111111111110, flags=SA_RESTART|SA_SIGINFO


---------------  S Y S T E M  ---------------

OS:
DISTRIB_ID=Ubuntu
DISTRIB_RELEASE=22.04
DISTRIB_CODENAME=jammy
DISTRIB_DESCRIPTION="Ubuntu 22.04.1 LTS"
uname: Linux 5.15.0-58-generic #64-Ubuntu SMP Thu Jan 5 11:43:13 UTC 2023 x86_64
OS uptime: 2 days 21:40 hours
libc: glibc 2.35 NPTL 2.35 
rlimit (soft/hard): STACK 8192k/infinity , CORE 0k/infinity , NPROC 63098/63098 , NOFILE 1048576/1048576 , AS infinity/infinity , CPU infinity/infinity , DATA infinity/infinity , FSIZE infinity/infinity , MEMLOCK 2028012k/2028012k
load average: 1.08 1.15 1.43

/proc/meminfo:
MemTotal:       16224108 kB
MemFree:          235192 kB
MemAvailable:    3466612 kB
Buffers:          303360 kB
Cached:          4522464 kB
SwapCached:         5688 kB
Active:          2397984 kB
Inactive:       12360752 kB
Active(anon):     524676 kB
Inactive(anon): 10957536 kB
Active(file):    1873308 kB
Inactive(file):  1403216 kB
Unevictable:      315916 kB
Mlocked:             248 kB
SwapTotal:      16777212 kB
SwapFree:       16517084 kB
Dirty:               352 kB
Writeback:             0 kB
AnonPages:      10243820 kB
Mapped:          1333868 kB
Shmem:           1557636 kB
KReclaimable:     296404 kB
Slab:             527752 kB
SReclaimable:     296404 kB
SUnreclaim:       231348 kB
KernelStack:       50176 kB
PageTables:       129156 kB
NFS_Unstable:          0 kB
Bounce:                0 kB
WritebackTmp:          0 kB
CommitLimit:    24889264 kB
Committed_AS:   38728080 kB
VmallocTotal:   34359738367 kB
VmallocUsed:      153100 kB
VmallocChunk:          0 kB
Percpu:            20352 kB
HardwareCorrupted:     0 kB
AnonHugePages:         0 kB
ShmemHugePages:        0 kB
ShmemPmdMapped:        0 kB
FileHugePages:         0 kB
FilePmdMapped:         0 kB
HugePages_Total:       0
HugePages_Free:        0
HugePages_Rsvd:        0
HugePages_Surp:        0
Hugepagesize:       2048 kB
Hugetlb:               0 kB
DirectMap4k:      818144 kB
DirectMap2M:    15800320 kB
DirectMap1G:           0 kB

/sys/kernel/mm/transparent_hugepage/enabled: always [madvise] never
/sys/kernel/mm/transparent_hugepage/defrag (defrag/compaction efforts parameter): always defer defer+madvise [madvise] never

Process Memory:
Virtual Size: 5066640K (peak: 5066640K)
Resident Set Size: 190512K (peak: 190512K) (anon: 159432K, file: 31080K, shmem: 0K)
Swapped out: 0K
C-Heap outstanding allocations: 87888K, retained: 8023K
glibc malloc tunables: (default)

/proc/sys/kernel/threads-max (system-wide limit on the number of threads): 126197
/proc/sys/vm/max_map_count (maximum number of memory map areas a process may have): 65530
/proc/sys/kernel/pid_max (system-wide limit on number of process identifiers): 4194304

container (cgroup) information:
container_type: cgroupv2
cpu_cpuset_cpus: not supported
cpu_memory_nodes: not supported
active_processor_count: 12
cpu_quota: not supported
cpu_period: not supported
cpu_shares: not supported
memory_limit_in_bytes: unlimited
memory_and_swap_limit_in_bytes: unlimited
memory_soft_limit_in_bytes: unlimited
memory_usage_in_bytes: 3622300 k
memory_max_usage_in_bytes: not supported
maximum number of tasks: 18929
current number of tasks: 498

Steal ticks since vm start: 0
Steal ticks percentage since vm start:  0.000

CPU: total 12 (initial active 12) (6 cores per cpu, 2 threads per core) family 6 model 158 stepping 10 microcode 0xf0, cx8, cmov, fxsr, ht, mmx, 3dnowpref, sse, sse2, sse3, ssse3, sse4.1, sse4.2, popcnt, lzcnt, tsc, tscinvbit, avx, avx2, aes, erms, clmul, bmi1, bmi2, adx, fma, vzeroupper, clflush, clflushopt
CPU Model and flags from /proc/cpuinfo:
model name	: Intel(R) Core(TM) i7-8750H CPU @ 2.20GHz
flags		: fpu vme de pse tsc msr pae mce cx8 apic sep mtrr pge mca cmov pat pse36 clflush dts acpi mmx fxsr sse sse2 ss ht tm pbe syscall nx pdpe1gb rdtscp lm constant_tsc art arch_perfmon pebs bts rep_good nopl xtopology nonstop_tsc cpuid aperfmperf pni pclmulqdq dtes64 monitor ds_cpl vmx est tm2 ssse3 sdbg fma cx16 xtpr pdcm pcid sse4_1 sse4_2 x2apic movbe popcnt tsc_deadline_timer aes xsave avx f16c rdrand lahf_lm abm 3dnowprefetch cpuid_fault epb invpcid_single pti ssbd ibrs ibpb stibp tpr_shadow vnmi flexpriority ept vpid ept_ad fsgsbase tsc_adjust bmi1 avx2 smep bmi2 erms invpcid mpx rdseed adx smap clflushopt intel_pt xsaveopt xsavec xgetbv1 xsaves dtherm ida arat pln pts hwp hwp_notify hwp_act_window hwp_epp md_clear flush_l1d arch_capabilities

Online cpus: 0-11
Offline cpus: 
BIOS frequency limitation: <Not Available>
Frequency switch latency (ns): 0
Available cpu frequencies: <Not Available>
Current governor: powersave
Core performance/turbo boost: <Not Available>

Memory: 4k page, physical 16224108k(235192k free), swap 16777212k(16517084k free)
Page Sizes: 4k

vm_info: OpenJDK 64-Bit Server VM (17.0.5+8) for linux-amd64 JRE (17.0.5+8), built on Oct 18 2022 00:00:00 by "temurin" with gcc 10.3.0

END.
